2022-09-26 10:19:21,713 INFO com.fabienit.biblioapi.manager.impl.unit.ReservationManagerImplTest [main] Starting ReservationManagerImplTest on FABPC with PID 18012 (started by FaB PC in C:\Users\FaB\Git\Projet 10\bibliothequep10\backendApiBiblio)
2022-09-26 10:19:21,726 DEBUG com.fabienit.biblioapi.manager.impl.unit.ReservationManagerImplTest [main] Running with Spring Boot v2.2.1.RELEASE, Spring v5.2.1.RELEASE
2022-09-26 10:19:21,728 INFO com.fabienit.biblioapi.manager.impl.unit.ReservationManagerImplTest [main] The following profiles are active: integration
2022-09-26 10:19:40,629 DEBUG com.fabienit.biblioapi.configuration.SwaggerConfig$$EnhancerBySpringCGLIB$$687fddbd [main] Set Swagger2 documentation
2022-09-26 10:19:44,590 INFO com.fabienit.biblioapi.manager.impl.unit.ReservationManagerImplTest [main] Started ReservationManagerImplTest in 23.911 seconds (JVM running for 28.29)
2022-09-26 10:20:19,323 INFO com.fabienit.biblioapi.manager.impl.unit.ReservationManagerImplTest [main] Starting ReservationManagerImplTest on FABPC with PID 18744 (started by FaB PC in C:\Users\FaB\Git\Projet 10\bibliothequep10\backendApiBiblio)
2022-09-26 10:20:19,341 DEBUG com.fabienit.biblioapi.manager.impl.unit.ReservationManagerImplTest [main] Running with Spring Boot v2.2.1.RELEASE, Spring v5.2.1.RELEASE
2022-09-26 10:20:19,342 INFO com.fabienit.biblioapi.manager.impl.unit.ReservationManagerImplTest [main] The following profiles are active: integration
2022-09-26 10:20:37,965 DEBUG com.fabienit.biblioapi.configuration.SwaggerConfig$$EnhancerBySpringCGLIB$$d92a84d9 [main] Set Swagger2 documentation
2022-09-26 10:20:42,987 INFO com.fabienit.biblioapi.manager.impl.unit.ReservationManagerImplTest [main] Started ReservationManagerImplTest in 24.446 seconds (JVM running for 27.57)
2022-09-26 10:26:21,829 INFO com.fabienit.biblioapi.api.controller.AvailableCopieControllerTest [main] Starting AvailableCopieControllerTest on FABPC with PID 8412 (started by FaB PC in C:\Users\FaB\Git\Projet 10\bibliothequep10\backendApiBiblio)
2022-09-26 10:26:21,839 DEBUG com.fabienit.biblioapi.api.controller.AvailableCopieControllerTest [main] Running with Spring Boot v2.2.1.RELEASE, Spring v5.2.1.RELEASE
2022-09-26 10:26:21,842 INFO com.fabienit.biblioapi.api.controller.AvailableCopieControllerTest [main] The following profiles are active: integration
2022-09-26 10:26:51,159 DEBUG com.fabienit.biblioapi.configuration.SwaggerConfig$$EnhancerBySpringCGLIB$$7faf4cf8 [main] Set Swagger2 documentation
2022-09-26 10:26:55,434 INFO com.fabienit.biblioapi.api.controller.AvailableCopieControllerTest [main] Started AvailableCopieControllerTest in 35.217 seconds (JVM running for 42.822)
2022-09-26 10:26:57,031 INFO com.fabienit.biblioapi.web.controllers.AvailableCopieController [http-nio-auto-1-exec-1] Providing availablecopie resource from database: all availablecopie list
2022-09-26 10:26:58,337 INFO com.fabienit.biblioapi.api.controller.AvailableCopieControllerTest [main] Starting AvailableCopieControllerTest on FABPC with PID 8412 (started by FaB PC in C:\Users\FaB\Git\Projet 10\bibliothequep10\backendApiBiblio)
2022-09-26 10:26:58,343 DEBUG com.fabienit.biblioapi.api.controller.AvailableCopieControllerTest [main] Running with Spring Boot v2.2.1.RELEASE, Spring v5.2.1.RELEASE
2022-09-26 10:26:58,344 INFO com.fabienit.biblioapi.api.controller.AvailableCopieControllerTest [main] The following profiles are active: integration
2022-09-26 10:27:06,537 DEBUG com.fabienit.biblioapi.configuration.SwaggerConfig$$EnhancerBySpringCGLIB$$7faf4cf8 [main] Set Swagger2 documentation
2022-09-26 10:27:08,153 INFO com.fabienit.biblioapi.api.controller.AvailableCopieControllerTest [main] Started AvailableCopieControllerTest in 9.937 seconds (JVM running for 55.542)
2022-09-26 10:27:09,174 INFO com.fabienit.biblioapi.web.controllers.AvailableCopieController [http-nio-auto-2-exec-10] Providing availablecopie resource from database: availableCopie book_id: 1, library_id: 1
2022-09-26 10:27:09,440 INFO com.fabienit.biblioapi.api.controller.AvailableCopieControllerTest [main] Starting AvailableCopieControllerTest on FABPC with PID 8412 (started by FaB PC in C:\Users\FaB\Git\Projet 10\bibliothequep10\backendApiBiblio)
2022-09-26 10:27:09,440 DEBUG com.fabienit.biblioapi.api.controller.AvailableCopieControllerTest [main] Running with Spring Boot v2.2.1.RELEASE, Spring v5.2.1.RELEASE
2022-09-26 10:27:09,440 INFO com.fabienit.biblioapi.api.controller.AvailableCopieControllerTest [main] The following profiles are active: integration
2022-09-26 10:27:15,221 DEBUG com.fabienit.biblioapi.configuration.SwaggerConfig$$EnhancerBySpringCGLIB$$7faf4cf8 [main] Set Swagger2 documentation
2022-09-26 10:27:16,331 INFO com.fabienit.biblioapi.api.controller.AvailableCopieControllerTest [main] Started AvailableCopieControllerTest in 6.97 seconds (JVM running for 63.72)
2022-09-26 10:27:16,861 INFO com.fabienit.biblioapi.web.controllers.AvailableCopieController [http-nio-auto-3-exec-1] Providing availablecopie resource from database: availableCopie book_id: 999, library_id: 999
2022-09-26 10:27:17,369 INFO com.fabienit.biblioapi.api.controller.BookControllerTest [main] Starting BookControllerTest on FABPC with PID 8412 (started by FaB PC in C:\Users\FaB\Git\Projet 10\bibliothequep10\backendApiBiblio)
2022-09-26 10:27:17,369 DEBUG com.fabienit.biblioapi.api.controller.BookControllerTest [main] Running with Spring Boot v2.2.1.RELEASE, Spring v5.2.1.RELEASE
2022-09-26 10:27:17,372 INFO com.fabienit.biblioapi.api.controller.BookControllerTest [main] The following profiles are active: integration
2022-09-26 10:27:22,681 DEBUG com.fabienit.biblioapi.configuration.SwaggerConfig$$EnhancerBySpringCGLIB$$7faf4cf8 [main] Set Swagger2 documentation
2022-09-26 10:27:23,618 INFO com.fabienit.biblioapi.api.controller.BookControllerTest [main] Started BookControllerTest in 6.347 seconds (JVM running for 71.007)
2022-09-26 10:27:24,132 INFO com.fabienit.biblioapi.web.controllers.BookController [http-nio-auto-4-exec-1] Providing book resource from database: all book list
2022-09-26 10:27:24,400 INFO com.fabienit.biblioapi.api.controller.BookControllerTest [main] Starting BookControllerTest on FABPC with PID 8412 (started by FaB PC in C:\Users\FaB\Git\Projet 10\bibliothequep10\backendApiBiblio)
2022-09-26 10:27:24,401 DEBUG com.fabienit.biblioapi.api.controller.BookControllerTest [main] Running with Spring Boot v2.2.1.RELEASE, Spring v5.2.1.RELEASE
2022-09-26 10:27:24,401 INFO com.fabienit.biblioapi.api.controller.BookControllerTest [main] The following profiles are active: integration
2022-09-26 10:27:29,583 DEBUG com.fabienit.biblioapi.configuration.SwaggerConfig$$EnhancerBySpringCGLIB$$7faf4cf8 [main] Set Swagger2 documentation
2022-09-26 10:27:30,789 INFO com.fabienit.biblioapi.api.controller.BookControllerTest [main] Started BookControllerTest in 6.479 seconds (JVM running for 78.178)
2022-09-26 10:27:31,552 INFO com.fabienit.biblioapi.web.controllers.BookController [http-nio-auto-5-exec-1] Adding new book in database
2022-09-26 10:27:32,021 INFO com.fabienit.biblioapi.api.controller.BookControllerTest [main] Starting BookControllerTest on FABPC with PID 8412 (started by FaB PC in C:\Users\FaB\Git\Projet 10\bibliothequep10\backendApiBiblio)
2022-09-26 10:27:32,022 DEBUG com.fabienit.biblioapi.api.controller.BookControllerTest [main] Running with Spring Boot v2.2.1.RELEASE, Spring v5.2.1.RELEASE
2022-09-26 10:27:32,022 INFO com.fabienit.biblioapi.api.controller.BookControllerTest [main] The following profiles are active: integration
2022-09-26 10:27:37,591 DEBUG com.fabienit.biblioapi.configuration.SwaggerConfig$$EnhancerBySpringCGLIB$$7faf4cf8 [main] Set Swagger2 documentation
2022-09-26 10:27:38,458 INFO com.fabienit.biblioapi.api.controller.BookControllerTest [main] Started BookControllerTest in 6.52 seconds (JVM running for 85.847)
2022-09-26 10:27:38,996 INFO com.fabienit.biblioapi.web.controllers.BookController [http-nio-auto-6-exec-1] Adding new book in database
2022-09-26 10:27:39,292 INFO com.fabienit.biblioapi.api.controller.BookControllerTest [main] Starting BookControllerTest on FABPC with PID 8412 (started by FaB PC in C:\Users\FaB\Git\Projet 10\bibliothequep10\backendApiBiblio)
2022-09-26 10:27:39,292 DEBUG com.fabienit.biblioapi.api.controller.BookControllerTest [main] Running with Spring Boot v2.2.1.RELEASE, Spring v5.2.1.RELEASE
2022-09-26 10:27:39,293 INFO com.fabienit.biblioapi.api.controller.BookControllerTest [main] The following profiles are active: integration
2022-09-26 10:27:43,648 DEBUG com.fabienit.biblioapi.configuration.SwaggerConfig$$EnhancerBySpringCGLIB$$7faf4cf8 [main] Set Swagger2 documentation
2022-09-26 10:27:44,456 INFO com.fabienit.biblioapi.api.controller.BookControllerTest [main] Started BookControllerTest in 5.227 seconds (JVM running for 91.844)
2022-09-26 10:27:44,920 INFO com.fabienit.biblioapi.web.controllers.BookController [http-nio-auto-7-exec-1] Providing book resource from database: book id: 1
2022-09-26 10:27:45,093 INFO com.fabienit.biblioapi.web.controllers.BookController [http-nio-auto-7-exec-2] Updating book in database, id: 1
2022-09-26 10:27:45,384 INFO com.fabienit.biblioapi.api.controller.BookControllerTest [main] Starting BookControllerTest on FABPC with PID 8412 (started by FaB PC in C:\Users\FaB\Git\Projet 10\bibliothequep10\backendApiBiblio)
2022-09-26 10:27:45,385 DEBUG com.fabienit.biblioapi.api.controller.BookControllerTest [main] Running with Spring Boot v2.2.1.RELEASE, Spring v5.2.1.RELEASE
2022-09-26 10:27:45,385 INFO com.fabienit.biblioapi.api.controller.BookControllerTest [main] The following profiles are active: integration
2022-09-26 10:27:50,230 DEBUG com.fabienit.biblioapi.configuration.SwaggerConfig$$EnhancerBySpringCGLIB$$7faf4cf8 [main] Set Swagger2 documentation
2022-09-26 10:27:51,195 INFO com.fabienit.biblioapi.api.controller.BookControllerTest [main] Started BookControllerTest in 5.875 seconds (JVM running for 98.583)
2022-09-26 10:27:51,728 INFO com.fabienit.biblioapi.web.controllers.BookController [http-nio-auto-8-exec-1] Providing book resource from database: book id: 1
2022-09-26 10:27:51,988 INFO com.fabienit.biblioapi.api.controller.BookControllerTest [main] Starting BookControllerTest on FABPC with PID 8412 (started by FaB PC in C:\Users\FaB\Git\Projet 10\bibliothequep10\backendApiBiblio)
2022-09-26 10:27:51,990 DEBUG com.fabienit.biblioapi.api.controller.BookControllerTest [main] Running with Spring Boot v2.2.1.RELEASE, Spring v5.2.1.RELEASE
2022-09-26 10:27:51,990 INFO com.fabienit.biblioapi.api.controller.BookControllerTest [main] The following profiles are active: integration
2022-09-26 10:27:56,397 DEBUG com.fabienit.biblioapi.configuration.SwaggerConfig$$EnhancerBySpringCGLIB$$7faf4cf8 [main] Set Swagger2 documentation
2022-09-26 10:27:57,192 INFO com.fabienit.biblioapi.api.controller.BookControllerTest [main] Started BookControllerTest in 5.28 seconds (JVM running for 104.58)
2022-09-26 10:27:57,674 INFO com.fabienit.biblioapi.web.controllers.BookController [http-nio-auto-9-exec-1] Providing book resource from database: book id: 999
2022-09-26 10:27:57,898 INFO com.fabienit.biblioapi.api.controller.BorrowControllerTest [main] Starting BorrowControllerTest on FABPC with PID 8412 (started by FaB PC in C:\Users\FaB\Git\Projet 10\bibliothequep10\backendApiBiblio)
2022-09-26 10:27:57,899 DEBUG com.fabienit.biblioapi.api.controller.BorrowControllerTest [main] Running with Spring Boot v2.2.1.RELEASE, Spring v5.2.1.RELEASE
2022-09-26 10:27:57,899 INFO com.fabienit.biblioapi.api.controller.BorrowControllerTest [main] The following profiles are active: integration
2022-09-26 10:28:02,207 DEBUG com.fabienit.biblioapi.configuration.SwaggerConfig$$EnhancerBySpringCGLIB$$7faf4cf8 [main] Set Swagger2 documentation
2022-09-26 10:28:02,957 INFO com.fabienit.biblioapi.api.controller.BorrowControllerTest [main] Started BorrowControllerTest in 5.121 seconds (JVM running for 110.345)
2022-09-26 10:28:03,452 INFO com.fabienit.biblioapi.web.controllers.BorrowController [http-nio-auto-10-exec-2] Providing borrow resource from database: borrow id: 1
2022-09-26 10:28:03,637 INFO com.fabienit.biblioapi.web.controllers.BorrowController [http-nio-auto-10-exec-3] Deleting borrow from database: id: 1
2022-09-26 10:28:03,916 INFO com.fabienit.biblioapi.api.controller.BorrowControllerTest [main] Starting BorrowControllerTest on FABPC with PID 8412 (started by FaB PC in C:\Users\FaB\Git\Projet 10\bibliothequep10\backendApiBiblio)
2022-09-26 10:28:03,917 DEBUG com.fabienit.biblioapi.api.controller.BorrowControllerTest [main] Running with Spring Boot v2.2.1.RELEASE, Spring v5.2.1.RELEASE
2022-09-26 10:28:03,917 INFO com.fabienit.biblioapi.api.controller.BorrowControllerTest [main] The following profiles are active: integration
2022-09-26 10:28:08,225 DEBUG com.fabienit.biblioapi.configuration.SwaggerConfig$$EnhancerBySpringCGLIB$$7faf4cf8 [main] Set Swagger2 documentation
2022-09-26 10:28:08,942 INFO com.fabienit.biblioapi.api.controller.BorrowControllerTest [main] Started BorrowControllerTest in 5.093 seconds (JVM running for 116.33)
2022-09-26 10:28:09,452 INFO com.fabienit.biblioapi.web.controllers.BorrowController [http-nio-auto-11-exec-1] Providing borrow resource from database: borrow id: 999
2022-09-26 10:28:09,718 INFO com.fabienit.biblioapi.api.controller.BorrowControllerTest [main] Starting BorrowControllerTest on FABPC with PID 8412 (started by FaB PC in C:\Users\FaB\Git\Projet 10\bibliothequep10\backendApiBiblio)
2022-09-26 10:28:09,719 DEBUG com.fabienit.biblioapi.api.controller.BorrowControllerTest [main] Running with Spring Boot v2.2.1.RELEASE, Spring v5.2.1.RELEASE
2022-09-26 10:28:09,719 INFO com.fabienit.biblioapi.api.controller.BorrowControllerTest [main] The following profiles are active: integration
2022-09-26 10:28:13,833 DEBUG com.fabienit.biblioapi.configuration.SwaggerConfig$$EnhancerBySpringCGLIB$$7faf4cf8 [main] Set Swagger2 documentation
2022-09-26 10:28:14,680 INFO com.fabienit.biblioapi.api.controller.BorrowControllerTest [main] Started BorrowControllerTest in 5.02 seconds (JVM running for 122.069)
2022-09-26 10:28:15,157 INFO com.fabienit.biblioapi.web.controllers.BorrowController [http-nio-auto-12-exec-1] Adding new borrow in database
2022-09-26 10:28:15,632 INFO com.fabienit.biblioapi.api.controller.BorrowControllerTest [main] Starting BorrowControllerTest on FABPC with PID 8412 (started by FaB PC in C:\Users\FaB\Git\Projet 10\bibliothequep10\backendApiBiblio)
2022-09-26 10:28:15,632 DEBUG com.fabienit.biblioapi.api.controller.BorrowControllerTest [main] Running with Spring Boot v2.2.1.RELEASE, Spring v5.2.1.RELEASE
2022-09-26 10:28:15,632 INFO com.fabienit.biblioapi.api.controller.BorrowControllerTest [main] The following profiles are active: integration
2022-09-26 10:28:19,967 DEBUG com.fabienit.biblioapi.configuration.SwaggerConfig$$EnhancerBySpringCGLIB$$7faf4cf8 [main] Set Swagger2 documentation
2022-09-26 10:28:20,728 INFO com.fabienit.biblioapi.api.controller.BorrowControllerTest [main] Started BorrowControllerTest in 5.159 seconds (JVM running for 128.117)
2022-09-26 10:28:21,129 INFO com.fabienit.biblioapi.web.controllers.BorrowController [http-nio-auto-13-exec-1] Providing borrow resource from database: all borrow list
2022-09-26 10:28:21,400 INFO com.fabienit.biblioapi.api.controller.BorrowControllerTest [main] Starting BorrowControllerTest on FABPC with PID 8412 (started by FaB PC in C:\Users\FaB\Git\Projet 10\bibliothequep10\backendApiBiblio)
2022-09-26 10:28:21,400 DEBUG com.fabienit.biblioapi.api.controller.BorrowControllerTest [main] Running with Spring Boot v2.2.1.RELEASE, Spring v5.2.1.RELEASE
2022-09-26 10:28:21,400 INFO com.fabienit.biblioapi.api.controller.BorrowControllerTest [main] The following profiles are active: integration
2022-09-26 10:28:25,683 DEBUG com.fabienit.biblioapi.configuration.SwaggerConfig$$EnhancerBySpringCGLIB$$7faf4cf8 [main] Set Swagger2 documentation
2022-09-26 10:28:26,639 INFO com.fabienit.biblioapi.api.controller.BorrowControllerTest [main] Started BorrowControllerTest in 5.318 seconds (JVM running for 134.028)
2022-09-26 10:28:27,074 INFO com.fabienit.biblioapi.web.controllers.BorrowController [http-nio-auto-14-exec-1] Providing borrow resource from database: borrow id: 999
2022-09-26 10:28:27,277 INFO com.fabienit.biblioapi.api.controller.BorrowControllerTest [main] Starting BorrowControllerTest on FABPC with PID 8412 (started by FaB PC in C:\Users\FaB\Git\Projet 10\bibliothequep10\backendApiBiblio)
2022-09-26 10:28:27,277 DEBUG com.fabienit.biblioapi.api.controller.BorrowControllerTest [main] Running with Spring Boot v2.2.1.RELEASE, Spring v5.2.1.RELEASE
2022-09-26 10:28:27,277 INFO com.fabienit.biblioapi.api.controller.BorrowControllerTest [main] The following profiles are active: integration
2022-09-26 10:28:31,472 DEBUG com.fabienit.biblioapi.configuration.SwaggerConfig$$EnhancerBySpringCGLIB$$7faf4cf8 [main] Set Swagger2 documentation
2022-09-26 10:28:32,319 INFO com.fabienit.biblioapi.api.controller.BorrowControllerTest [main] Started BorrowControllerTest in 5.104 seconds (JVM running for 139.708)
2022-09-26 10:28:33,112 INFO com.fabienit.biblioapi.web.controllers.BorrowController [http-nio-auto-15-exec-1] Providing borrow resource from database: borrow id: 1
2022-09-26 10:28:33,282 INFO com.fabienit.biblioapi.web.controllers.BorrowController [http-nio-auto-15-exec-2] Return borrow, id: 1
2022-09-26 10:28:33,836 INFO com.fabienit.biblioapi.api.controller.BorrowControllerTest [main] Starting BorrowControllerTest on FABPC with PID 8412 (started by FaB PC in C:\Users\FaB\Git\Projet 10\bibliothequep10\backendApiBiblio)
2022-09-26 10:28:33,839 DEBUG com.fabienit.biblioapi.api.controller.BorrowControllerTest [main] Running with Spring Boot v2.2.1.RELEASE, Spring v5.2.1.RELEASE
2022-09-26 10:28:33,839 INFO com.fabienit.biblioapi.api.controller.BorrowControllerTest [main] The following profiles are active: integration
2022-09-26 10:28:38,805 DEBUG com.fabienit.biblioapi.configuration.SwaggerConfig$$EnhancerBySpringCGLIB$$7faf4cf8 [main] Set Swagger2 documentation
2022-09-26 10:28:40,377 INFO com.fabienit.biblioapi.api.controller.BorrowControllerTest [main] Started BorrowControllerTest in 6.655 seconds (JVM running for 147.765)
2022-09-26 10:28:41,841 INFO com.fabienit.biblioapi.web.controllers.BorrowController [http-nio-auto-16-exec-1] Providing borrow resources from database by user id: 1
2022-09-26 10:28:43,080 INFO com.fabienit.biblioapi.api.controller.BorrowControllerTest [main] Starting BorrowControllerTest on FABPC with PID 8412 (started by FaB PC in C:\Users\FaB\Git\Projet 10\bibliothequep10\backendApiBiblio)
2022-09-26 10:28:43,080 DEBUG com.fabienit.biblioapi.api.controller.BorrowControllerTest [main] Running with Spring Boot v2.2.1.RELEASE, Spring v5.2.1.RELEASE
2022-09-26 10:28:43,080 INFO com.fabienit.biblioapi.api.controller.BorrowControllerTest [main] The following profiles are active: integration
2022-09-26 10:28:47,145 DEBUG com.fabienit.biblioapi.configuration.SwaggerConfig$$EnhancerBySpringCGLIB$$7faf4cf8 [main] Set Swagger2 documentation
2022-09-26 10:28:48,056 INFO com.fabienit.biblioapi.api.controller.BorrowControllerTest [main] Started BorrowControllerTest in 5.077 seconds (JVM running for 155.444)
2022-09-26 10:28:48,800 INFO com.fabienit.biblioapi.web.controllers.BorrowController [http-nio-auto-17-exec-1] Providing borrow resource from database: borrow id: 1
2022-09-26 10:28:49,035 INFO com.fabienit.biblioapi.web.controllers.BorrowController [http-nio-auto-17-exec-2] Extend borrow in database, id: 1
2022-09-26 10:28:49,378 INFO com.fabienit.biblioapi.api.controller.BorrowControllerTest [main] Starting BorrowControllerTest on FABPC with PID 8412 (started by FaB PC in C:\Users\FaB\Git\Projet 10\bibliothequep10\backendApiBiblio)
2022-09-26 10:28:49,378 DEBUG com.fabienit.biblioapi.api.controller.BorrowControllerTest [main] Running with Spring Boot v2.2.1.RELEASE, Spring v5.2.1.RELEASE
2022-09-26 10:28:49,378 INFO com.fabienit.biblioapi.api.controller.BorrowControllerTest [main] The following profiles are active: integration
2022-09-26 10:28:53,760 DEBUG com.fabienit.biblioapi.configuration.SwaggerConfig$$EnhancerBySpringCGLIB$$7faf4cf8 [main] Set Swagger2 documentation
2022-09-26 10:28:54,732 INFO com.fabienit.biblioapi.api.controller.BorrowControllerTest [main] Started BorrowControllerTest in 5.421 seconds (JVM running for 162.12)
2022-09-26 10:28:55,674 INFO com.fabienit.biblioapi.web.controllers.BorrowController [http-nio-auto-18-exec-1] Providing borrow resource from database: borrow id: 2
2022-09-26 10:28:55,960 INFO com.fabienit.biblioapi.web.controllers.BorrowController [http-nio-auto-18-exec-1] Extend borrow in database, id: 2
2022-09-26 10:28:55,979 DEBUG com.fabienit.biblioapi.web.controllers.BorrowController [http-nio-auto-18-exec-1] Le prêt ne peut pas être prolongé car la date de retour est dépassée
2022-09-26 10:28:56,179 INFO com.fabienit.biblioapi.api.controller.BorrowControllerTest [main] Starting BorrowControllerTest on FABPC with PID 8412 (started by FaB PC in C:\Users\FaB\Git\Projet 10\bibliothequep10\backendApiBiblio)
2022-09-26 10:28:56,180 DEBUG com.fabienit.biblioapi.api.controller.BorrowControllerTest [main] Running with Spring Boot v2.2.1.RELEASE, Spring v5.2.1.RELEASE
2022-09-26 10:28:56,180 INFO com.fabienit.biblioapi.api.controller.BorrowControllerTest [main] The following profiles are active: integration
2022-09-26 10:28:59,837 DEBUG com.fabienit.biblioapi.configuration.SwaggerConfig$$EnhancerBySpringCGLIB$$7faf4cf8 [main] Set Swagger2 documentation
2022-09-26 10:29:00,669 INFO com.fabienit.biblioapi.api.controller.BorrowControllerTest [main] Started BorrowControllerTest in 4.547 seconds (JVM running for 168.057)
2022-09-26 10:29:01,489 INFO com.fabienit.biblioapi.web.controllers.BorrowController [http-nio-auto-19-exec-1] Providing borrow resource from database: borrow id: 1
2022-09-26 10:29:01,925 INFO com.fabienit.biblioapi.api.controller.BorrowControllerTest [main] Starting BorrowControllerTest on FABPC with PID 8412 (started by FaB PC in C:\Users\FaB\Git\Projet 10\bibliothequep10\backendApiBiblio)
2022-09-26 10:29:01,926 DEBUG com.fabienit.biblioapi.api.controller.BorrowControllerTest [main] Running with Spring Boot v2.2.1.RELEASE, Spring v5.2.1.RELEASE
2022-09-26 10:29:01,926 INFO com.fabienit.biblioapi.api.controller.BorrowControllerTest [main] The following profiles are active: integration
2022-09-26 10:29:05,443 DEBUG com.fabienit.biblioapi.configuration.SwaggerConfig$$EnhancerBySpringCGLIB$$7faf4cf8 [main] Set Swagger2 documentation
2022-09-26 10:29:06,221 INFO com.fabienit.biblioapi.api.controller.BorrowControllerTest [main] Started BorrowControllerTest in 4.395 seconds (JVM running for 173.609)
2022-09-26 10:29:06,690 INFO com.fabienit.biblioapi.web.controllers.BorrowController [http-nio-auto-20-exec-1] Providing borrow resource from database: borrow id: 1
2022-09-26 10:29:06,915 INFO com.fabienit.biblioapi.web.controllers.BorrowController [http-nio-auto-20-exec-2] Updating borrow in database, id: 1
2022-09-26 10:29:07,441 INFO com.fabienit.biblioapi.api.controller.LibraryControllerTest [main] Starting LibraryControllerTest on FABPC with PID 8412 (started by FaB PC in C:\Users\FaB\Git\Projet 10\bibliothequep10\backendApiBiblio)
2022-09-26 10:29:07,442 DEBUG com.fabienit.biblioapi.api.controller.LibraryControllerTest [main] Running with Spring Boot v2.2.1.RELEASE, Spring v5.2.1.RELEASE
2022-09-26 10:29:07,442 INFO com.fabienit.biblioapi.api.controller.LibraryControllerTest [main] The following profiles are active: integration
2022-09-26 10:29:11,675 DEBUG com.fabienit.biblioapi.configuration.SwaggerConfig$$EnhancerBySpringCGLIB$$7faf4cf8 [main] Set Swagger2 documentation
2022-09-26 10:29:12,420 INFO com.fabienit.biblioapi.api.controller.LibraryControllerTest [main] Started LibraryControllerTest in 5.052 seconds (JVM running for 179.809)
2022-09-26 10:29:13,150 INFO com.fabienit.biblioapi.web.controllers.LibraryController [http-nio-auto-21-exec-1] Providing library resource from database: all library list
2022-09-26 10:29:13,660 INFO com.fabienit.biblioapi.api.controller.LibraryControllerTest [main] Starting LibraryControllerTest on FABPC with PID 8412 (started by FaB PC in C:\Users\FaB\Git\Projet 10\bibliothequep10\backendApiBiblio)
2022-09-26 10:29:13,660 DEBUG com.fabienit.biblioapi.api.controller.LibraryControllerTest [main] Running with Spring Boot v2.2.1.RELEASE, Spring v5.2.1.RELEASE
2022-09-26 10:29:13,661 INFO com.fabienit.biblioapi.api.controller.LibraryControllerTest [main] The following profiles are active: integration
2022-09-26 10:29:17,703 DEBUG com.fabienit.biblioapi.configuration.SwaggerConfig$$EnhancerBySpringCGLIB$$7faf4cf8 [main] Set Swagger2 documentation
2022-09-26 10:29:18,360 INFO com.fabienit.biblioapi.api.controller.LibraryControllerTest [main] Started LibraryControllerTest in 4.757 seconds (JVM running for 185.749)
2022-09-26 10:29:18,962 INFO com.fabienit.biblioapi.web.controllers.LibraryController [http-nio-auto-22-exec-1] Adding new library in database
2022-09-26 10:29:19,694 INFO com.fabienit.biblioapi.api.controller.LibraryControllerTest [main] Starting LibraryControllerTest on FABPC with PID 8412 (started by FaB PC in C:\Users\FaB\Git\Projet 10\bibliothequep10\backendApiBiblio)
2022-09-26 10:29:19,695 DEBUG com.fabienit.biblioapi.api.controller.LibraryControllerTest [main] Running with Spring Boot v2.2.1.RELEASE, Spring v5.2.1.RELEASE
2022-09-26 10:29:19,695 INFO com.fabienit.biblioapi.api.controller.LibraryControllerTest [main] The following profiles are active: integration
2022-09-26 10:29:23,185 DEBUG com.fabienit.biblioapi.configuration.SwaggerConfig$$EnhancerBySpringCGLIB$$7faf4cf8 [main] Set Swagger2 documentation
2022-09-26 10:29:23,953 INFO com.fabienit.biblioapi.api.controller.LibraryControllerTest [main] Started LibraryControllerTest in 4.321 seconds (JVM running for 191.342)
2022-09-26 10:29:24,369 INFO com.fabienit.biblioapi.web.controllers.LibraryController [http-nio-auto-23-exec-1] Providing library resource from database: library id: 1
2022-09-26 10:29:24,581 INFO com.fabienit.biblioapi.api.controller.LibraryControllerTest [main] Starting LibraryControllerTest on FABPC with PID 8412 (started by FaB PC in C:\Users\FaB\Git\Projet 10\bibliothequep10\backendApiBiblio)
2022-09-26 10:29:24,581 DEBUG com.fabienit.biblioapi.api.controller.LibraryControllerTest [main] Running with Spring Boot v2.2.1.RELEASE, Spring v5.2.1.RELEASE
2022-09-26 10:29:24,582 INFO com.fabienit.biblioapi.api.controller.LibraryControllerTest [main] The following profiles are active: integration
2022-09-26 10:29:28,749 DEBUG com.fabienit.biblioapi.configuration.SwaggerConfig$$EnhancerBySpringCGLIB$$7faf4cf8 [main] Set Swagger2 documentation
2022-09-26 10:29:29,439 INFO com.fabienit.biblioapi.api.controller.LibraryControllerTest [main] Started LibraryControllerTest in 4.938 seconds (JVM running for 196.828)
2022-09-26 10:29:29,839 INFO com.fabienit.biblioapi.web.controllers.LibraryController [http-nio-auto-24-exec-1] Providing library resource from database: library id: 1
2022-09-26 10:29:29,966 INFO com.fabienit.biblioapi.web.controllers.LibraryController [http-nio-auto-24-exec-2] Updating library in database, id: 1
2022-09-26 10:29:30,401 INFO com.fabienit.biblioapi.api.controller.LibraryControllerTest [main] Starting LibraryControllerTest on FABPC with PID 8412 (started by FaB PC in C:\Users\FaB\Git\Projet 10\bibliothequep10\backendApiBiblio)
2022-09-26 10:29:30,402 DEBUG com.fabienit.biblioapi.api.controller.LibraryControllerTest [main] Running with Spring Boot v2.2.1.RELEASE, Spring v5.2.1.RELEASE
2022-09-26 10:29:30,403 INFO com.fabienit.biblioapi.api.controller.LibraryControllerTest [main] The following profiles are active: integration
2022-09-26 10:29:34,113 DEBUG com.fabienit.biblioapi.configuration.SwaggerConfig$$EnhancerBySpringCGLIB$$7faf4cf8 [main] Set Swagger2 documentation
2022-09-26 10:29:34,927 INFO com.fabienit.biblioapi.api.controller.LibraryControllerTest [main] Started LibraryControllerTest in 4.592 seconds (JVM running for 202.315)
2022-09-26 10:29:35,418 INFO com.fabienit.biblioapi.web.controllers.BookController [http-nio-auto-25-exec-1] Providing book resource from database: book id: 999
2022-09-26 10:29:35,600 INFO com.fabienit.biblioapi.api.controller.LibraryControllerTest [main] Starting LibraryControllerTest on FABPC with PID 8412 (started by FaB PC in C:\Users\FaB\Git\Projet 10\bibliothequep10\backendApiBiblio)
2022-09-26 10:29:35,600 DEBUG com.fabienit.biblioapi.api.controller.LibraryControllerTest [main] Running with Spring Boot v2.2.1.RELEASE, Spring v5.2.1.RELEASE
2022-09-26 10:29:35,600 INFO com.fabienit.biblioapi.api.controller.LibraryControllerTest [main] The following profiles are active: integration
2022-09-26 10:29:39,496 DEBUG com.fabienit.biblioapi.configuration.SwaggerConfig$$EnhancerBySpringCGLIB$$7faf4cf8 [main] Set Swagger2 documentation
2022-09-26 10:29:40,156 INFO com.fabienit.biblioapi.api.controller.LibraryControllerTest [main] Started LibraryControllerTest in 4.604 seconds (JVM running for 207.545)
2022-09-26 10:29:40,624 INFO com.fabienit.biblioapi.web.controllers.LibraryController [http-nio-auto-26-exec-1] Providing library resource from database: library id: 1
2022-09-26 10:29:40,767 INFO com.fabienit.biblioapi.web.controllers.LibraryController [http-nio-auto-26-exec-2] Deleting library from database: id: 1
2022-09-26 10:29:41,123 INFO com.fabienit.biblioapi.api.controller.RegisteredUserControllerTest [main] Starting RegisteredUserControllerTest on FABPC with PID 8412 (started by FaB PC in C:\Users\FaB\Git\Projet 10\bibliothequep10\backendApiBiblio)
2022-09-26 10:29:41,124 DEBUG com.fabienit.biblioapi.api.controller.RegisteredUserControllerTest [main] Running with Spring Boot v2.2.1.RELEASE, Spring v5.2.1.RELEASE
2022-09-26 10:29:41,124 INFO com.fabienit.biblioapi.api.controller.RegisteredUserControllerTest [main] The following profiles are active: integration
2022-09-26 10:29:45,381 DEBUG com.fabienit.biblioapi.configuration.SwaggerConfig$$EnhancerBySpringCGLIB$$7faf4cf8 [main] Set Swagger2 documentation
2022-09-26 10:29:46,093 INFO com.fabienit.biblioapi.api.controller.RegisteredUserControllerTest [main] Started RegisteredUserControllerTest in 5.027 seconds (JVM running for 213.482)
2022-09-26 10:29:46,519 INFO com.fabienit.biblioapi.web.controllers.RegisteredUserController [http-nio-auto-27-exec-1] Providing registeredUser resource from database: registeredUser id: 1
2022-09-26 10:29:46,685 INFO com.fabienit.biblioapi.web.controllers.RegisteredUserController [http-nio-auto-27-exec-2] Updating registeredUser in database, id: 1
2022-09-26 10:29:46,909 INFO com.fabienit.biblioapi.api.controller.RegisteredUserControllerTest [main] Starting RegisteredUserControllerTest on FABPC with PID 8412 (started by FaB PC in C:\Users\FaB\Git\Projet 10\bibliothequep10\backendApiBiblio)
2022-09-26 10:29:46,910 DEBUG com.fabienit.biblioapi.api.controller.RegisteredUserControllerTest [main] Running with Spring Boot v2.2.1.RELEASE, Spring v5.2.1.RELEASE
2022-09-26 10:29:46,910 INFO com.fabienit.biblioapi.api.controller.RegisteredUserControllerTest [main] The following profiles are active: integration
2022-09-26 10:29:52,227 DEBUG com.fabienit.biblioapi.configuration.SwaggerConfig$$EnhancerBySpringCGLIB$$7faf4cf8 [main] Set Swagger2 documentation
2022-09-26 10:29:53,476 INFO com.fabienit.biblioapi.api.controller.RegisteredUserControllerTest [main] Started RegisteredUserControllerTest in 6.618 seconds (JVM running for 220.865)
2022-09-26 10:29:53,955 INFO com.fabienit.biblioapi.web.controllers.RegisteredUserController [http-nio-auto-28-exec-1] Adding new registeredUser in database
2022-09-26 10:29:54,429 INFO com.fabienit.biblioapi.api.controller.RegisteredUserControllerTest [main] Starting RegisteredUserControllerTest on FABPC with PID 8412 (started by FaB PC in C:\Users\FaB\Git\Projet 10\bibliothequep10\backendApiBiblio)
2022-09-26 10:29:54,429 DEBUG com.fabienit.biblioapi.api.controller.RegisteredUserControllerTest [main] Running with Spring Boot v2.2.1.RELEASE, Spring v5.2.1.RELEASE
2022-09-26 10:29:54,431 INFO com.fabienit.biblioapi.api.controller.RegisteredUserControllerTest [main] The following profiles are active: integration
2022-09-26 10:29:59,845 DEBUG com.fabienit.biblioapi.configuration.SwaggerConfig$$EnhancerBySpringCGLIB$$7faf4cf8 [main] Set Swagger2 documentation
2022-09-26 10:30:01,029 INFO com.fabienit.biblioapi.api.controller.RegisteredUserControllerTest [main] Started RegisteredUserControllerTest in 6.69 seconds (JVM running for 228.418)
2022-09-26 10:30:01,741 INFO com.fabienit.biblioapi.web.controllers.RegisteredUserController [http-nio-auto-29-exec-1] Providing registeredUser resource from database: all registeredUser list
2022-09-26 10:30:02,714 INFO com.fabienit.biblioapi.api.controller.RegisteredUserControllerTest [main] Starting RegisteredUserControllerTest on FABPC with PID 8412 (started by FaB PC in C:\Users\FaB\Git\Projet 10\bibliothequep10\backendApiBiblio)
2022-09-26 10:30:02,715 DEBUG com.fabienit.biblioapi.api.controller.RegisteredUserControllerTest [main] Running with Spring Boot v2.2.1.RELEASE, Spring v5.2.1.RELEASE
2022-09-26 10:30:02,715 INFO com.fabienit.biblioapi.api.controller.RegisteredUserControllerTest [main] The following profiles are active: integration
2022-09-26 10:30:07,760 DEBUG com.fabienit.biblioapi.configuration.SwaggerConfig$$EnhancerBySpringCGLIB$$7faf4cf8 [main] Set Swagger2 documentation
2022-09-26 10:30:09,121 INFO com.fabienit.biblioapi.api.controller.RegisteredUserControllerTest [main] Started RegisteredUserControllerTest in 6.494 seconds (JVM running for 236.51)
2022-09-26 10:30:10,012 INFO com.fabienit.biblioapi.web.controllers.RegisteredUserController [http-nio-auto-30-exec-10] Providing registeredUser resource from database: registeredUser id: 999
2022-09-26 10:30:10,218 INFO com.fabienit.biblioapi.api.controller.RegisteredUserControllerTest [main] Starting RegisteredUserControllerTest on FABPC with PID 8412 (started by FaB PC in C:\Users\FaB\Git\Projet 10\bibliothequep10\backendApiBiblio)
2022-09-26 10:30:10,219 DEBUG com.fabienit.biblioapi.api.controller.RegisteredUserControllerTest [main] Running with Spring Boot v2.2.1.RELEASE, Spring v5.2.1.RELEASE
2022-09-26 10:30:10,224 INFO com.fabienit.biblioapi.api.controller.RegisteredUserControllerTest [main] The following profiles are active: integration
2022-09-26 10:30:14,288 DEBUG com.fabienit.biblioapi.configuration.SwaggerConfig$$EnhancerBySpringCGLIB$$7faf4cf8 [main] Set Swagger2 documentation
2022-09-26 10:30:15,281 INFO com.fabienit.biblioapi.api.controller.RegisteredUserControllerTest [main] Started RegisteredUserControllerTest in 5.124 seconds (JVM running for 242.67)
2022-09-26 10:30:15,861 INFO com.fabienit.biblioapi.web.controllers.RegisteredUserController [http-nio-auto-31-exec-1] Providing registeredUser resource from database: registeredUser id: 1
2022-09-26 10:30:16,109 INFO com.fabienit.biblioapi.api.controller.ReservationControllerTest [main] Starting ReservationControllerTest on FABPC with PID 8412 (started by FaB PC in C:\Users\FaB\Git\Projet 10\bibliothequep10\backendApiBiblio)
2022-09-26 10:30:16,110 DEBUG com.fabienit.biblioapi.api.controller.ReservationControllerTest [main] Running with Spring Boot v2.2.1.RELEASE, Spring v5.2.1.RELEASE
2022-09-26 10:30:16,110 INFO com.fabienit.biblioapi.api.controller.ReservationControllerTest [main] The following profiles are active: integration
2022-09-26 10:30:21,543 DEBUG com.fabienit.biblioapi.configuration.SwaggerConfig$$EnhancerBySpringCGLIB$$7faf4cf8 [main] Set Swagger2 documentation
2022-09-26 10:30:22,322 INFO com.fabienit.biblioapi.api.controller.ReservationControllerTest [main] Started ReservationControllerTest in 6.27 seconds (JVM running for 249.711)
2022-09-26 10:30:23,012 INFO com.fabienit.biblioapi.web.controllers.ReservationController [http-nio-auto-32-exec-1] Providing reservation resource from database: reservation id: 999
2022-09-26 10:30:23,266 INFO com.fabienit.biblioapi.api.controller.ReservationControllerTest [main] Starting ReservationControllerTest on FABPC with PID 8412 (started by FaB PC in C:\Users\FaB\Git\Projet 10\bibliothequep10\backendApiBiblio)
2022-09-26 10:30:23,269 DEBUG com.fabienit.biblioapi.api.controller.ReservationControllerTest [main] Running with Spring Boot v2.2.1.RELEASE, Spring v5.2.1.RELEASE
2022-09-26 10:30:23,269 INFO com.fabienit.biblioapi.api.controller.ReservationControllerTest [main] The following profiles are active: integration
2022-09-26 10:30:26,773 DEBUG com.fabienit.biblioapi.configuration.SwaggerConfig$$EnhancerBySpringCGLIB$$7faf4cf8 [main] Set Swagger2 documentation
2022-09-26 10:30:27,749 INFO com.fabienit.biblioapi.api.controller.ReservationControllerTest [main] Started ReservationControllerTest in 4.533 seconds (JVM running for 255.137)
2022-09-26 10:30:28,200 INFO com.fabienit.biblioapi.web.controllers.ReservationController [http-nio-auto-33-exec-1] Providing reservation resource from database: reservation id: 1
2022-09-26 10:30:28,390 INFO com.fabienit.biblioapi.web.controllers.ReservationController [http-nio-auto-33-exec-2] Deleting reservation from database: id: 1
2022-09-26 10:30:28,823 INFO com.fabienit.biblioapi.api.controller.ReservationControllerTest [main] Starting ReservationControllerTest on FABPC with PID 8412 (started by FaB PC in C:\Users\FaB\Git\Projet 10\bibliothequep10\backendApiBiblio)
2022-09-26 10:30:28,823 DEBUG com.fabienit.biblioapi.api.controller.ReservationControllerTest [main] Running with Spring Boot v2.2.1.RELEASE, Spring v5.2.1.RELEASE
2022-09-26 10:30:28,823 INFO com.fabienit.biblioapi.api.controller.ReservationControllerTest [main] The following profiles are active: integration
2022-09-26 10:30:32,124 DEBUG com.fabienit.biblioapi.configuration.SwaggerConfig$$EnhancerBySpringCGLIB$$7faf4cf8 [main] Set Swagger2 documentation
2022-09-26 10:30:32,991 INFO com.fabienit.biblioapi.api.controller.ReservationControllerTest [main] Started ReservationControllerTest in 4.245 seconds (JVM running for 260.379)
2022-09-26 10:30:33,769 INFO com.fabienit.biblioapi.web.controllers.ReservationController [http-nio-auto-34-exec-1] Adding new reservation in database
2022-09-26 10:30:34,075 INFO com.fabienit.biblioapi.api.controller.ReservationControllerTest [main] Starting ReservationControllerTest on FABPC with PID 8412 (started by FaB PC in C:\Users\FaB\Git\Projet 10\bibliothequep10\backendApiBiblio)
2022-09-26 10:30:34,077 DEBUG com.fabienit.biblioapi.api.controller.ReservationControllerTest [main] Running with Spring Boot v2.2.1.RELEASE, Spring v5.2.1.RELEASE
2022-09-26 10:30:34,077 INFO com.fabienit.biblioapi.api.controller.ReservationControllerTest [main] The following profiles are active: integration
2022-09-26 10:30:37,796 DEBUG com.fabienit.biblioapi.configuration.SwaggerConfig$$EnhancerBySpringCGLIB$$7faf4cf8 [main] Set Swagger2 documentation
2022-09-26 10:30:38,675 INFO com.fabienit.biblioapi.api.controller.ReservationControllerTest [main] Started ReservationControllerTest in 4.66 seconds (JVM running for 266.063)
2022-09-26 10:30:39,461 INFO com.fabienit.biblioapi.web.controllers.ReservationController [http-nio-auto-35-exec-1] Providing reservation resource from database: reservation id: 1
2022-09-26 10:30:39,678 INFO com.fabienit.biblioapi.web.controllers.ReservationController [http-nio-auto-35-exec-2] Updating reservation in database, id: 1
2022-09-26 10:30:40,013 INFO com.fabienit.biblioapi.api.controller.ReservationControllerTest [main] Starting ReservationControllerTest on FABPC with PID 8412 (started by FaB PC in C:\Users\FaB\Git\Projet 10\bibliothequep10\backendApiBiblio)
2022-09-26 10:30:40,013 DEBUG com.fabienit.biblioapi.api.controller.ReservationControllerTest [main] Running with Spring Boot v2.2.1.RELEASE, Spring v5.2.1.RELEASE
2022-09-26 10:30:40,013 INFO com.fabienit.biblioapi.api.controller.ReservationControllerTest [main] The following profiles are active: integration
2022-09-26 10:30:43,593 DEBUG com.fabienit.biblioapi.configuration.SwaggerConfig$$EnhancerBySpringCGLIB$$7faf4cf8 [main] Set Swagger2 documentation
2022-09-26 10:30:44,383 INFO com.fabienit.biblioapi.api.controller.ReservationControllerTest [main] Started ReservationControllerTest in 4.445 seconds (JVM running for 271.772)
2022-09-26 10:30:45,036 INFO com.fabienit.biblioapi.web.controllers.ReservationController [http-nio-auto-36-exec-1] Providing reservation resource from database: reservation id: 1
2022-09-26 10:30:45,711 INFO com.fabienit.biblioapi.api.controller.ReservationControllerTest [main] Starting ReservationControllerTest on FABPC with PID 8412 (started by FaB PC in C:\Users\FaB\Git\Projet 10\bibliothequep10\backendApiBiblio)
2022-09-26 10:30:45,712 DEBUG com.fabienit.biblioapi.api.controller.ReservationControllerTest [main] Running with Spring Boot v2.2.1.RELEASE, Spring v5.2.1.RELEASE
2022-09-26 10:30:45,712 INFO com.fabienit.biblioapi.api.controller.ReservationControllerTest [main] The following profiles are active: integration
2022-09-26 10:30:49,374 DEBUG com.fabienit.biblioapi.configuration.SwaggerConfig$$EnhancerBySpringCGLIB$$7faf4cf8 [main] Set Swagger2 documentation
2022-09-26 10:30:50,069 INFO com.fabienit.biblioapi.api.controller.ReservationControllerTest [main] Started ReservationControllerTest in 4.447 seconds (JVM running for 277.458)
2022-09-26 10:30:50,591 INFO com.fabienit.biblioapi.web.controllers.ReservationController [http-nio-auto-37-exec-1] Providing reservation resource from database: all reservation list
2022-09-26 10:30:50,933 INFO com.fabienit.biblioapi.api.controller.ReservationControllerTest [main] Starting ReservationControllerTest on FABPC with PID 8412 (started by FaB PC in C:\Users\FaB\Git\Projet 10\bibliothequep10\backendApiBiblio)
2022-09-26 10:30:50,940 DEBUG com.fabienit.biblioapi.api.controller.ReservationControllerTest [main] Running with Spring Boot v2.2.1.RELEASE, Spring v5.2.1.RELEASE
2022-09-26 10:30:50,940 INFO com.fabienit.biblioapi.api.controller.ReservationControllerTest [main] The following profiles are active: integration
2022-09-26 10:30:54,553 DEBUG com.fabienit.biblioapi.configuration.SwaggerConfig$$EnhancerBySpringCGLIB$$7faf4cf8 [main] Set Swagger2 documentation
2022-09-26 10:30:55,429 INFO com.fabienit.biblioapi.api.controller.ReservationControllerTest [main] Started ReservationControllerTest in 4.579 seconds (JVM running for 282.818)
2022-09-26 10:30:55,907 INFO com.fabienit.biblioapi.web.controllers.ReservationController [http-nio-auto-38-exec-1] Providing reservation list for registered user from database: user id: 1
2022-09-26 10:30:56,274 INFO com.fabienit.biblioapi.dao.BookDaoTest [main] Starting BookDaoTest on FABPC with PID 8412 (started by FaB PC in C:\Users\FaB\Git\Projet 10\bibliothequep10\backendApiBiblio)
2022-09-26 10:30:56,275 DEBUG com.fabienit.biblioapi.dao.BookDaoTest [main] Running with Spring Boot v2.2.1.RELEASE, Spring v5.2.1.RELEASE
2022-09-26 10:30:56,275 INFO com.fabienit.biblioapi.dao.BookDaoTest [main] The following profiles are active: integration
2022-09-26 10:31:01,262 DEBUG com.fabienit.biblioapi.configuration.SwaggerConfig$$EnhancerBySpringCGLIB$$7faf4cf8 [main] Set Swagger2 documentation
2022-09-26 10:31:02,142 INFO com.fabienit.biblioapi.dao.BookDaoTest [main] Started BookDaoTest in 5.958 seconds (JVM running for 289.53)
2022-09-26 10:31:02,731 INFO com.fabienit.biblioapi.dao.BookDaoTest [main] Starting BookDaoTest on FABPC with PID 8412 (started by FaB PC in C:\Users\FaB\Git\Projet 10\bibliothequep10\backendApiBiblio)
2022-09-26 10:31:02,732 DEBUG com.fabienit.biblioapi.dao.BookDaoTest [main] Running with Spring Boot v2.2.1.RELEASE, Spring v5.2.1.RELEASE
2022-09-26 10:31:02,732 INFO com.fabienit.biblioapi.dao.BookDaoTest [main] The following profiles are active: integration
2022-09-26 10:31:07,383 DEBUG com.fabienit.biblioapi.configuration.SwaggerConfig$$EnhancerBySpringCGLIB$$7faf4cf8 [main] Set Swagger2 documentation
2022-09-26 10:31:08,162 INFO com.fabienit.biblioapi.dao.BookDaoTest [main] Started BookDaoTest in 5.492 seconds (JVM running for 295.551)
2022-09-26 10:31:08,472 INFO com.fabienit.biblioapi.dao.BorrowDaoIntegrationTest [main] Starting BorrowDaoIntegrationTest on FABPC with PID 8412 (started by FaB PC in C:\Users\FaB\Git\Projet 10\bibliothequep10\backendApiBiblio)
2022-09-26 10:31:08,472 DEBUG com.fabienit.biblioapi.dao.BorrowDaoIntegrationTest [main] Running with Spring Boot v2.2.1.RELEASE, Spring v5.2.1.RELEASE
2022-09-26 10:31:08,472 INFO com.fabienit.biblioapi.dao.BorrowDaoIntegrationTest [main] The following profiles are active: integration
2022-09-26 10:31:12,425 DEBUG com.fabienit.biblioapi.configuration.SwaggerConfig$$EnhancerBySpringCGLIB$$7faf4cf8 [main] Set Swagger2 documentation
2022-09-26 10:31:13,259 INFO com.fabienit.biblioapi.dao.BorrowDaoIntegrationTest [main] Started BorrowDaoIntegrationTest in 4.834 seconds (JVM running for 300.648)
2022-09-26 10:31:13,863 INFO com.fabienit.biblioapi.dao.ReservationDaoIntegrationTest [main] Starting ReservationDaoIntegrationTest on FABPC with PID 8412 (started by FaB PC in C:\Users\FaB\Git\Projet 10\bibliothequep10\backendApiBiblio)
2022-09-26 10:31:13,866 DEBUG com.fabienit.biblioapi.dao.ReservationDaoIntegrationTest [main] Running with Spring Boot v2.2.1.RELEASE, Spring v5.2.1.RELEASE
2022-09-26 10:31:13,866 INFO com.fabienit.biblioapi.dao.ReservationDaoIntegrationTest [main] The following profiles are active: integration
2022-09-26 10:31:17,362 DEBUG com.fabienit.biblioapi.configuration.SwaggerConfig$$EnhancerBySpringCGLIB$$7faf4cf8 [main] Set Swagger2 documentation
2022-09-26 10:31:18,334 INFO com.fabienit.biblioapi.dao.ReservationDaoIntegrationTest [main] Started ReservationDaoIntegrationTest in 4.525 seconds (JVM running for 305.723)
2022-09-26 10:31:18,845 INFO com.fabienit.biblioapi.dao.ReservationDaoIntegrationTest [main] Starting ReservationDaoIntegrationTest on FABPC with PID 8412 (started by FaB PC in C:\Users\FaB\Git\Projet 10\bibliothequep10\backendApiBiblio)
2022-09-26 10:31:18,846 DEBUG com.fabienit.biblioapi.dao.ReservationDaoIntegrationTest [main] Running with Spring Boot v2.2.1.RELEASE, Spring v5.2.1.RELEASE
2022-09-26 10:31:18,846 INFO com.fabienit.biblioapi.dao.ReservationDaoIntegrationTest [main] The following profiles are active: integration
2022-09-26 10:31:23,013 DEBUG com.fabienit.biblioapi.configuration.SwaggerConfig$$EnhancerBySpringCGLIB$$7faf4cf8 [main] Set Swagger2 documentation
2022-09-26 10:31:24,084 INFO com.fabienit.biblioapi.dao.ReservationDaoIntegrationTest [main] Started ReservationDaoIntegrationTest in 5.286 seconds (JVM running for 311.473)
2022-09-26 10:31:24,476 INFO com.fabienit.biblioapi.dao.ReservationDaoIntegrationTest [main] Starting ReservationDaoIntegrationTest on FABPC with PID 8412 (started by FaB PC in C:\Users\FaB\Git\Projet 10\bibliothequep10\backendApiBiblio)
2022-09-26 10:31:24,477 DEBUG com.fabienit.biblioapi.dao.ReservationDaoIntegrationTest [main] Running with Spring Boot v2.2.1.RELEASE, Spring v5.2.1.RELEASE
2022-09-26 10:31:24,477 INFO com.fabienit.biblioapi.dao.ReservationDaoIntegrationTest [main] The following profiles are active: integration
2022-09-26 10:31:28,293 DEBUG com.fabienit.biblioapi.configuration.SwaggerConfig$$EnhancerBySpringCGLIB$$7faf4cf8 [main] Set Swagger2 documentation
2022-09-26 10:31:29,506 INFO com.fabienit.biblioapi.dao.ReservationDaoIntegrationTest [main] Started ReservationDaoIntegrationTest in 5.075 seconds (JVM running for 316.895)
2022-09-26 10:31:29,897 INFO com.fabienit.biblioapi.dao.ReservationDaoIntegrationTest [main] Starting ReservationDaoIntegrationTest on FABPC with PID 8412 (started by FaB PC in C:\Users\FaB\Git\Projet 10\bibliothequep10\backendApiBiblio)
2022-09-26 10:31:29,898 DEBUG com.fabienit.biblioapi.dao.ReservationDaoIntegrationTest [main] Running with Spring Boot v2.2.1.RELEASE, Spring v5.2.1.RELEASE
2022-09-26 10:31:29,898 INFO com.fabienit.biblioapi.dao.ReservationDaoIntegrationTest [main] The following profiles are active: integration
2022-09-26 10:31:33,357 DEBUG com.fabienit.biblioapi.configuration.SwaggerConfig$$EnhancerBySpringCGLIB$$7faf4cf8 [main] Set Swagger2 documentation
2022-09-26 10:31:34,193 INFO com.fabienit.biblioapi.dao.ReservationDaoIntegrationTest [main] Started ReservationDaoIntegrationTest in 4.381 seconds (JVM running for 321.582)
2022-09-26 10:31:34,819 INFO com.fabienit.biblioapi.dao.ReservationDaoIntegrationTest [main] Starting ReservationDaoIntegrationTest on FABPC with PID 8412 (started by FaB PC in C:\Users\FaB\Git\Projet 10\bibliothequep10\backendApiBiblio)
2022-09-26 10:31:34,820 DEBUG com.fabienit.biblioapi.dao.ReservationDaoIntegrationTest [main] Running with Spring Boot v2.2.1.RELEASE, Spring v5.2.1.RELEASE
2022-09-26 10:31:34,820 INFO com.fabienit.biblioapi.dao.ReservationDaoIntegrationTest [main] The following profiles are active: integration
2022-09-26 10:31:38,109 DEBUG com.fabienit.biblioapi.configuration.SwaggerConfig$$EnhancerBySpringCGLIB$$7faf4cf8 [main] Set Swagger2 documentation
2022-09-26 10:31:38,943 INFO com.fabienit.biblioapi.dao.ReservationDaoIntegrationTest [main] Started ReservationDaoIntegrationTest in 4.171 seconds (JVM running for 326.331)
2022-09-26 10:31:39,242 INFO com.fabienit.biblioapi.dao.ReservationDaoIntegrationTest [main] Starting ReservationDaoIntegrationTest on FABPC with PID 8412 (started by FaB PC in C:\Users\FaB\Git\Projet 10\bibliothequep10\backendApiBiblio)
2022-09-26 10:31:39,243 DEBUG com.fabienit.biblioapi.dao.ReservationDaoIntegrationTest [main] Running with Spring Boot v2.2.1.RELEASE, Spring v5.2.1.RELEASE
2022-09-26 10:31:39,243 INFO com.fabienit.biblioapi.dao.ReservationDaoIntegrationTest [main] The following profiles are active: integration
2022-09-26 10:31:43,211 DEBUG com.fabienit.biblioapi.configuration.SwaggerConfig$$EnhancerBySpringCGLIB$$7faf4cf8 [main] Set Swagger2 documentation
2022-09-26 10:31:43,970 INFO com.fabienit.biblioapi.dao.ReservationDaoIntegrationTest [main] Started ReservationDaoIntegrationTest in 4.784 seconds (JVM running for 331.359)
2022-09-26 10:31:44,328 INFO com.fabienit.biblioapi.dao.ReservationDaoIntegrationTest [main] Starting ReservationDaoIntegrationTest on FABPC with PID 8412 (started by FaB PC in C:\Users\FaB\Git\Projet 10\bibliothequep10\backendApiBiblio)
2022-09-26 10:31:44,329 DEBUG com.fabienit.biblioapi.dao.ReservationDaoIntegrationTest [main] Running with Spring Boot v2.2.1.RELEASE, Spring v5.2.1.RELEASE
2022-09-26 10:31:44,329 INFO com.fabienit.biblioapi.dao.ReservationDaoIntegrationTest [main] The following profiles are active: integration
2022-09-26 10:31:48,059 DEBUG com.fabienit.biblioapi.configuration.SwaggerConfig$$EnhancerBySpringCGLIB$$7faf4cf8 [main] Set Swagger2 documentation
2022-09-26 10:31:48,898 INFO com.fabienit.biblioapi.dao.ReservationDaoIntegrationTest [main] Started ReservationDaoIntegrationTest in 4.638 seconds (JVM running for 336.287)
2022-09-26 10:31:49,330 INFO com.fabienit.biblioapi.dao.ReservationDaoIntegrationTest [main] Starting ReservationDaoIntegrationTest on FABPC with PID 8412 (started by FaB PC in C:\Users\FaB\Git\Projet 10\bibliothequep10\backendApiBiblio)
2022-09-26 10:31:49,331 DEBUG com.fabienit.biblioapi.dao.ReservationDaoIntegrationTest [main] Running with Spring Boot v2.2.1.RELEASE, Spring v5.2.1.RELEASE
2022-09-26 10:31:49,331 INFO com.fabienit.biblioapi.dao.ReservationDaoIntegrationTest [main] The following profiles are active: integration
2022-09-26 10:31:52,484 DEBUG com.fabienit.biblioapi.configuration.SwaggerConfig$$EnhancerBySpringCGLIB$$7faf4cf8 [main] Set Swagger2 documentation
2022-09-26 10:31:53,610 INFO com.fabienit.biblioapi.dao.ReservationDaoIntegrationTest [main] Started ReservationDaoIntegrationTest in 4.324 seconds (JVM running for 340.999)
2022-09-26 10:31:54,189 INFO com.fabienit.biblioapi.dao.ReservationDaoIntegrationTest [main] Starting ReservationDaoIntegrationTest on FABPC with PID 8412 (started by FaB PC in C:\Users\FaB\Git\Projet 10\bibliothequep10\backendApiBiblio)
2022-09-26 10:31:54,189 DEBUG com.fabienit.biblioapi.dao.ReservationDaoIntegrationTest [main] Running with Spring Boot v2.2.1.RELEASE, Spring v5.2.1.RELEASE
2022-09-26 10:31:54,189 INFO com.fabienit.biblioapi.dao.ReservationDaoIntegrationTest [main] The following profiles are active: integration
2022-09-26 10:31:57,241 DEBUG com.fabienit.biblioapi.configuration.SwaggerConfig$$EnhancerBySpringCGLIB$$7faf4cf8 [main] Set Swagger2 documentation
2022-09-26 10:31:58,043 INFO com.fabienit.biblioapi.dao.ReservationDaoIntegrationTest [main] Started ReservationDaoIntegrationTest in 3.902 seconds (JVM running for 345.432)
2022-09-26 10:31:58,474 INFO com.fabienit.biblioapi.dao.ReservationDaoIntegrationTest [main] Starting ReservationDaoIntegrationTest on FABPC with PID 8412 (started by FaB PC in C:\Users\FaB\Git\Projet 10\bibliothequep10\backendApiBiblio)
2022-09-26 10:31:58,475 DEBUG com.fabienit.biblioapi.dao.ReservationDaoIntegrationTest [main] Running with Spring Boot v2.2.1.RELEASE, Spring v5.2.1.RELEASE
2022-09-26 10:31:58,475 INFO com.fabienit.biblioapi.dao.ReservationDaoIntegrationTest [main] The following profiles are active: integration
2022-09-26 10:32:02,179 DEBUG com.fabienit.biblioapi.configuration.SwaggerConfig$$EnhancerBySpringCGLIB$$7faf4cf8 [main] Set Swagger2 documentation
2022-09-26 10:32:02,989 INFO com.fabienit.biblioapi.dao.ReservationDaoIntegrationTest [main] Started ReservationDaoIntegrationTest in 4.567 seconds (JVM running for 350.377)
2022-09-26 10:32:03,598 INFO com.fabienit.biblioapi.dao.ReservationDaoIntegrationTest [main] Starting ReservationDaoIntegrationTest on FABPC with PID 8412 (started by FaB PC in C:\Users\FaB\Git\Projet 10\bibliothequep10\backendApiBiblio)
2022-09-26 10:32:03,598 DEBUG com.fabienit.biblioapi.dao.ReservationDaoIntegrationTest [main] Running with Spring Boot v2.2.1.RELEASE, Spring v5.2.1.RELEASE
2022-09-26 10:32:03,599 INFO com.fabienit.biblioapi.dao.ReservationDaoIntegrationTest [main] The following profiles are active: integration
2022-09-26 10:32:07,748 DEBUG com.fabienit.biblioapi.configuration.SwaggerConfig$$EnhancerBySpringCGLIB$$7faf4cf8 [main] Set Swagger2 documentation
2022-09-26 10:32:08,613 INFO com.fabienit.biblioapi.dao.ReservationDaoIntegrationTest [main] Started ReservationDaoIntegrationTest in 5.076 seconds (JVM running for 356.002)
2022-09-26 10:32:09,090 INFO com.fabienit.biblioapi.manager.impl.unit.AvailableCopieManagerImplTest [main] Starting AvailableCopieManagerImplTest on FABPC with PID 8412 (started by FaB PC in C:\Users\FaB\Git\Projet 10\bibliothequep10\backendApiBiblio)
2022-09-26 10:32:09,091 DEBUG com.fabienit.biblioapi.manager.impl.unit.AvailableCopieManagerImplTest [main] Running with Spring Boot v2.2.1.RELEASE, Spring v5.2.1.RELEASE
2022-09-26 10:32:09,091 INFO com.fabienit.biblioapi.manager.impl.unit.AvailableCopieManagerImplTest [main] The following profiles are active: integration
2022-09-26 10:32:12,448 DEBUG com.fabienit.biblioapi.configuration.SwaggerConfig$$EnhancerBySpringCGLIB$$7faf4cf8 [main] Set Swagger2 documentation
2022-09-26 10:32:13,270 INFO com.fabienit.biblioapi.manager.impl.unit.AvailableCopieManagerImplTest [main] Started AvailableCopieManagerImplTest in 4.236 seconds (JVM running for 360.658)
2022-09-26 10:32:13,757 DEBUG com.fabienit.biblioapi.manager.impl.OutDatedReservationManagerImpl [main] Deleting outdated reservations
2022-09-26 10:32:14,439 INFO com.fabienit.biblioapi.model.beans.BorrowTest [main] Starting BorrowTest on FABPC with PID 8412 (started by FaB PC in C:\Users\FaB\Git\Projet 10\bibliothequep10\backendApiBiblio)
2022-09-26 10:32:14,440 DEBUG com.fabienit.biblioapi.model.beans.BorrowTest [main] Running with Spring Boot v2.2.1.RELEASE, Spring v5.2.1.RELEASE
2022-09-26 10:32:14,441 INFO com.fabienit.biblioapi.model.beans.BorrowTest [main] The following profiles are active: integration
2022-09-26 10:32:18,208 DEBUG com.fabienit.biblioapi.configuration.SwaggerConfig$$EnhancerBySpringCGLIB$$7faf4cf8 [main] Set Swagger2 documentation
2022-09-26 10:32:19,023 INFO com.fabienit.biblioapi.model.beans.BorrowTest [main] Started BorrowTest in 4.663 seconds (JVM running for 366.411)
2022-09-26 10:32:19,150 INFO com.fabienit.biblioapi.model.beans.LibraryTest [main] Starting LibraryTest on FABPC with PID 8412 (started by FaB PC in C:\Users\FaB\Git\Projet 10\bibliothequep10\backendApiBiblio)
2022-09-26 10:32:19,150 DEBUG com.fabienit.biblioapi.model.beans.LibraryTest [main] Running with Spring Boot v2.2.1.RELEASE, Spring v5.2.1.RELEASE
2022-09-26 10:32:19,152 INFO com.fabienit.biblioapi.model.beans.LibraryTest [main] The following profiles are active: integration
2022-09-26 10:32:22,272 DEBUG com.fabienit.biblioapi.configuration.SwaggerConfig$$EnhancerBySpringCGLIB$$7faf4cf8 [main] Set Swagger2 documentation
2022-09-26 10:32:23,069 INFO com.fabienit.biblioapi.model.beans.LibraryTest [main] Started LibraryTest in 3.988 seconds (JVM running for 370.457)
2022-09-26 10:32:23,292 INFO com.fabienit.biblioapi.model.beans.RegisteredUserTest [main] Starting RegisteredUserTest on FABPC with PID 8412 (started by FaB PC in C:\Users\FaB\Git\Projet 10\bibliothequep10\backendApiBiblio)
2022-09-26 10:32:23,293 DEBUG com.fabienit.biblioapi.model.beans.RegisteredUserTest [main] Running with Spring Boot v2.2.1.RELEASE, Spring v5.2.1.RELEASE
2022-09-26 10:32:23,293 INFO com.fabienit.biblioapi.model.beans.RegisteredUserTest [main] The following profiles are active: integration
2022-09-26 10:32:26,719 DEBUG com.fabienit.biblioapi.configuration.SwaggerConfig$$EnhancerBySpringCGLIB$$7faf4cf8 [main] Set Swagger2 documentation
2022-09-26 10:32:27,533 INFO com.fabienit.biblioapi.model.beans.RegisteredUserTest [main] Started RegisteredUserTest in 4.287 seconds (JVM running for 374.922)
2022-09-26 10:32:27,703 INFO com.fabienit.biblioapi.model.beans.RegisteredUserTest [main] Starting RegisteredUserTest on FABPC with PID 8412 (started by FaB PC in C:\Users\FaB\Git\Projet 10\bibliothequep10\backendApiBiblio)
2022-09-26 10:32:27,703 DEBUG com.fabienit.biblioapi.model.beans.RegisteredUserTest [main] Running with Spring Boot v2.2.1.RELEASE, Spring v5.2.1.RELEASE
2022-09-26 10:32:27,703 INFO com.fabienit.biblioapi.model.beans.RegisteredUserTest [main] The following profiles are active: integration
2022-09-26 10:32:31,703 DEBUG com.fabienit.biblioapi.configuration.SwaggerConfig$$EnhancerBySpringCGLIB$$7faf4cf8 [main] Set Swagger2 documentation
2022-09-26 10:32:32,581 INFO com.fabienit.biblioapi.model.beans.RegisteredUserTest [main] Started RegisteredUserTest in 4.919 seconds (JVM running for 379.97)
2022-09-26 10:32:32,773 INFO com.fabienit.biblioapi.model.beans.ReservationTest [main] Starting ReservationTest on FABPC with PID 8412 (started by FaB PC in C:\Users\FaB\Git\Projet 10\bibliothequep10\backendApiBiblio)
2022-09-26 10:32:32,774 DEBUG com.fabienit.biblioapi.model.beans.ReservationTest [main] Running with Spring Boot v2.2.1.RELEASE, Spring v5.2.1.RELEASE
2022-09-26 10:32:32,774 INFO com.fabienit.biblioapi.model.beans.ReservationTest [main] The following profiles are active: integration
2022-09-26 10:32:36,083 DEBUG com.fabienit.biblioapi.configuration.SwaggerConfig$$EnhancerBySpringCGLIB$$7faf4cf8 [main] Set Swagger2 documentation
2022-09-26 10:32:36,954 INFO com.fabienit.biblioapi.model.beans.ReservationTest [main] Started ReservationTest in 4.224 seconds (JVM running for 384.342)
