2022-06-05 19:55:24,274 INFO com.fabienit.biblioweb.BibliowebApplication [main] No active profile set, falling back to default profiles: default
2022-06-05 19:55:33,932 ERROR org.springframework.boot.SpringApplication [main] Application run failed
org.springframework.beans.factory.BeanCreationException: Error creating bean with name 'entityManagerFactory' defined in class path resource [org/springframework/boot/autoconfigure/orm/jpa/HibernateJpaConfiguration.class]: Initialization of bean failed; nested exception is org.springframework.jdbc.datasource.init.ScriptStatementFailedException: Failed to execute SQL script statement #1 of URL [file:/C:/Users/FaB/Git/Projet%2010/bibliothequep10/backendApiBiblio/target/classes/data.sql]: INSERT INTO registered_user ( id , email, first_name, last_name, password, roles) VALUES ( 1, 'fabien@gmail.com', 'Fabien', 'Chapeau', '$2a$10$jPUTDV6/9AkC7NRPPzmvXuLJlfnKoAYo.uJuZc0aeJHGum.LpxO0a', 'USER' ), ( 2, 'test1@gmail.com', 'userName', 'userLastName', '$2a$10$jPUTDV6/9AkC7NRPPzmvXuLJlfnKoAYo.uJuZc0aeJHGum.LpxO0a', 'USER' ), ( 3, 'test2@gmail.com', 'userName', 'userLastName', '$2a$10$jPUTDV6/9AkC7NRPPzmvXuLJlfnKoAYo.uJuZc0aeJHGum.LpxO0a', 'USER' ), ( 4, 'test3@gmail.com', 'userName', 'userLastName', '$2a$10$jPUTDV6/9AkC7NRPPzmvXuLJlfnKoAYo.uJuZc0aeJHGum.LpxO0a', 'USER' ); nested exception is org.h2.jdbc.JdbcSQLSyntaxErrorException: Table "REGISTERED_USER" non trouvée
Table "REGISTERED_USER" not found; SQL statement:
INSERT INTO registered_user ( id , email, first_name, last_name, password, roles) VALUES ( 1, 'fabien@gmail.com', 'Fabien', 'Chapeau', '$2a$10$jPUTDV6/9AkC7NRPPzmvXuLJlfnKoAYo.uJuZc0aeJHGum.LpxO0a', 'USER' ), ( 2, 'test1@gmail.com', 'userName', 'userLastName', '$2a$10$jPUTDV6/9AkC7NRPPzmvXuLJlfnKoAYo.uJuZc0aeJHGum.LpxO0a', 'USER' ), ( 3, 'test2@gmail.com', 'userName', 'userLastName', '$2a$10$jPUTDV6/9AkC7NRPPzmvXuLJlfnKoAYo.uJuZc0aeJHGum.LpxO0a', 'USER' ), ( 4, 'test3@gmail.com', 'userName', 'userLastName', '$2a$10$jPUTDV6/9AkC7NRPPzmvXuLJlfnKoAYo.uJuZc0aeJHGum.LpxO0a', 'USER' ) [42102-200]
	at org.springframework.beans.factory.support.AbstractAutowireCapableBeanFactory.doCreateBean(AbstractAutowireCapableBeanFactory.java:603)
	at org.springframework.beans.factory.support.AbstractAutowireCapableBeanFactory.createBean(AbstractAutowireCapableBeanFactory.java:517)
	at org.springframework.beans.factory.support.AbstractBeanFactory.lambda$doGetBean$0(AbstractBeanFactory.java:323)
	at org.springframework.beans.factory.support.DefaultSingletonBeanRegistry.getSingleton(DefaultSingletonBeanRegistry.java:222)
	at org.springframework.beans.factory.support.AbstractBeanFactory.doGetBean(AbstractBeanFactory.java:321)
	at org.springframework.beans.factory.support.AbstractBeanFactory.getBean(AbstractBeanFactory.java:202)
	at org.springframework.context.support.AbstractApplicationContext.getBean(AbstractApplicationContext.java:1108)
	at org.springframework.context.support.AbstractApplicationContext.finishBeanFactoryInitialization(AbstractApplicationContext.java:868)
	at org.springframework.context.support.AbstractApplicationContext.refresh(AbstractApplicationContext.java:550)
	at org.springframework.boot.web.servlet.context.ServletWebServerApplicationContext.refresh(ServletWebServerApplicationContext.java:141)
	at org.springframework.boot.SpringApplication.refresh(SpringApplication.java:747)
	at org.springframework.boot.SpringApplication.refreshContext(SpringApplication.java:397)
	at org.springframework.boot.SpringApplication.run(SpringApplication.java:315)
	at org.springframework.boot.SpringApplication.run(SpringApplication.java:1226)
	at org.springframework.boot.SpringApplication.run(SpringApplication.java:1215)
	at com.fabienit.biblioweb.BibliowebApplication.main(BibliowebApplication.java:16)
Caused by: org.springframework.jdbc.datasource.init.ScriptStatementFailedException: Failed to execute SQL script statement #1 of URL [file:/C:/Users/FaB/Git/Projet%2010/bibliothequep10/backendApiBiblio/target/classes/data.sql]: INSERT INTO registered_user ( id , email, first_name, last_name, password, roles) VALUES ( 1, 'fabien@gmail.com', 'Fabien', 'Chapeau', '$2a$10$jPUTDV6/9AkC7NRPPzmvXuLJlfnKoAYo.uJuZc0aeJHGum.LpxO0a', 'USER' ), ( 2, 'test1@gmail.com', 'userName', 'userLastName', '$2a$10$jPUTDV6/9AkC7NRPPzmvXuLJlfnKoAYo.uJuZc0aeJHGum.LpxO0a', 'USER' ), ( 3, 'test2@gmail.com', 'userName', 'userLastName', '$2a$10$jPUTDV6/9AkC7NRPPzmvXuLJlfnKoAYo.uJuZc0aeJHGum.LpxO0a', 'USER' ), ( 4, 'test3@gmail.com', 'userName', 'userLastName', '$2a$10$jPUTDV6/9AkC7NRPPzmvXuLJlfnKoAYo.uJuZc0aeJHGum.LpxO0a', 'USER' ); nested exception is org.h2.jdbc.JdbcSQLSyntaxErrorException: Table "REGISTERED_USER" non trouvée
Table "REGISTERED_USER" not found; SQL statement:
INSERT INTO registered_user ( id , email, first_name, last_name, password, roles) VALUES ( 1, 'fabien@gmail.com', 'Fabien', 'Chapeau', '$2a$10$jPUTDV6/9AkC7NRPPzmvXuLJlfnKoAYo.uJuZc0aeJHGum.LpxO0a', 'USER' ), ( 2, 'test1@gmail.com', 'userName', 'userLastName', '$2a$10$jPUTDV6/9AkC7NRPPzmvXuLJlfnKoAYo.uJuZc0aeJHGum.LpxO0a', 'USER' ), ( 3, 'test2@gmail.com', 'userName', 'userLastName', '$2a$10$jPUTDV6/9AkC7NRPPzmvXuLJlfnKoAYo.uJuZc0aeJHGum.LpxO0a', 'USER' ), ( 4, 'test3@gmail.com', 'userName', 'userLastName', '$2a$10$jPUTDV6/9AkC7NRPPzmvXuLJlfnKoAYo.uJuZc0aeJHGum.LpxO0a', 'USER' ) [42102-200]
	at org.springframework.jdbc.datasource.init.ScriptUtils.executeSqlScript(ScriptUtils.java:626)
	at org.springframework.jdbc.datasource.init.ResourceDatabasePopulator.populate(ResourceDatabasePopulator.java:254)
	at org.springframework.jdbc.datasource.init.DatabasePopulatorUtils.execute(DatabasePopulatorUtils.java:49)
	at org.springframework.boot.autoconfigure.jdbc.DataSourceInitializer.runScripts(DataSourceInitializer.java:202)
	at org.springframework.boot.autoconfigure.jdbc.DataSourceInitializer.initSchema(DataSourceInitializer.java:119)
	at org.springframework.boot.autoconfigure.jdbc.DataSourceInitializerInvoker.onApplicationEvent(DataSourceInitializerInvoker.java:91)
	at org.springframework.boot.autoconfigure.jdbc.DataSourceInitializerInvoker.onApplicationEvent(DataSourceInitializerInvoker.java:38)
	at org.springframework.context.event.SimpleApplicationEventMulticaster.doInvokeListener(SimpleApplicationEventMulticaster.java:172)
	at org.springframework.context.event.SimpleApplicationEventMulticaster.invokeListener(SimpleApplicationEventMulticaster.java:165)
	at org.springframework.context.event.SimpleApplicationEventMulticaster.multicastEvent(SimpleApplicationEventMulticaster.java:139)
	at org.springframework.context.support.AbstractApplicationContext.publishEvent(AbstractApplicationContext.java:403)
	at org.springframework.context.support.AbstractApplicationContext.publishEvent(AbstractApplicationContext.java:360)
	at org.springframework.boot.autoconfigure.orm.jpa.DataSourceInitializedPublisher.publishEventIfRequired(DataSourceInitializedPublisher.java:99)
	at org.springframework.boot.autoconfigure.orm.jpa.DataSourceInitializedPublisher.postProcessAfterInitialization(DataSourceInitializedPublisher.java:90)
	at org.springframework.beans.factory.support.AbstractAutowireCapableBeanFactory.applyBeanPostProcessorsAfterInitialization(AbstractAutowireCapableBeanFactory.java:431)
	at org.springframework.beans.factory.support.AbstractAutowireCapableBeanFactory.initializeBean(AbstractAutowireCapableBeanFactory.java:1800)
	at org.springframework.beans.factory.support.AbstractAutowireCapableBeanFactory.doCreateBean(AbstractAutowireCapableBeanFactory.java:595)
	... 15 common frames omitted
Caused by: org.h2.jdbc.JdbcSQLSyntaxErrorException: Table "REGISTERED_USER" non trouvée
Table "REGISTERED_USER" not found; SQL statement:
INSERT INTO registered_user ( id , email, first_name, last_name, password, roles) VALUES ( 1, 'fabien@gmail.com', 'Fabien', 'Chapeau', '$2a$10$jPUTDV6/9AkC7NRPPzmvXuLJlfnKoAYo.uJuZc0aeJHGum.LpxO0a', 'USER' ), ( 2, 'test1@gmail.com', 'userName', 'userLastName', '$2a$10$jPUTDV6/9AkC7NRPPzmvXuLJlfnKoAYo.uJuZc0aeJHGum.LpxO0a', 'USER' ), ( 3, 'test2@gmail.com', 'userName', 'userLastName', '$2a$10$jPUTDV6/9AkC7NRPPzmvXuLJlfnKoAYo.uJuZc0aeJHGum.LpxO0a', 'USER' ), ( 4, 'test3@gmail.com', 'userName', 'userLastName', '$2a$10$jPUTDV6/9AkC7NRPPzmvXuLJlfnKoAYo.uJuZc0aeJHGum.LpxO0a', 'USER' ) [42102-200]
	at org.h2.message.DbException.getJdbcSQLException(DbException.java:453)
	at org.h2.message.DbException.getJdbcSQLException(DbException.java:429)
	at org.h2.message.DbException.get(DbException.java:205)
	at org.h2.message.DbException.get(DbException.java:181)
	at org.h2.command.Parser.readTableOrView(Parser.java:7628)
	at org.h2.command.Parser.readTableOrView(Parser.java:7599)
	at org.h2.command.Parser.parseInsert(Parser.java:1747)
	at org.h2.command.Parser.parsePrepared(Parser.java:954)
	at org.h2.command.Parser.parse(Parser.java:843)
	at org.h2.command.Parser.parse(Parser.java:815)
	at org.h2.command.Parser.prepareCommand(Parser.java:738)
	at org.h2.engine.Session.prepareLocal(Session.java:657)
	at org.h2.engine.Session.prepareCommand(Session.java:595)
	at org.h2.jdbc.JdbcConnection.prepareCommand(JdbcConnection.java:1235)
	at org.h2.jdbc.JdbcStatement.executeInternal(JdbcStatement.java:212)
	at org.h2.jdbc.JdbcStatement.execute(JdbcStatement.java:201)
	at com.zaxxer.hikari.pool.ProxyStatement.execute(ProxyStatement.java:95)
	at com.zaxxer.hikari.pool.HikariProxyStatement.execute(HikariProxyStatement.java)
	at org.springframework.jdbc.datasource.init.ScriptUtils.executeSqlScript(ScriptUtils.java:605)
	... 31 common frames omitted
2022-06-05 19:59:22,371 INFO com.fabienit.biblioweb.BibliowebApplication [main] No active profile set, falling back to default profiles: default
2022-06-05 19:59:29,777 ERROR org.springframework.boot.SpringApplication [main] Application run failed
org.springframework.beans.factory.BeanCreationException: Error creating bean with name 'entityManagerFactory' defined in class path resource [org/springframework/boot/autoconfigure/orm/jpa/HibernateJpaConfiguration.class]: Initialization of bean failed; nested exception is org.springframework.jdbc.datasource.init.ScriptStatementFailedException: Failed to execute SQL script statement #1 of URL [file:/C:/Users/FaB/Git/Projet%2010/bibliothequep10/backendApiBiblio/target/classes/data.sql]: INSERT INTO registered_user ( id , email, first_name, last_name, password, roles) VALUES ( 1, 'fabien@gmail.com', 'Fabien', 'Chapeau', '$2a$10$jPUTDV6/9AkC7NRPPzmvXuLJlfnKoAYo.uJuZc0aeJHGum.LpxO0a', 'USER' ), ( 2, 'test1@gmail.com', 'userName', 'userLastName', '$2a$10$jPUTDV6/9AkC7NRPPzmvXuLJlfnKoAYo.uJuZc0aeJHGum.LpxO0a', 'USER' ), ( 3, 'test2@gmail.com', 'userName', 'userLastName', '$2a$10$jPUTDV6/9AkC7NRPPzmvXuLJlfnKoAYo.uJuZc0aeJHGum.LpxO0a', 'USER' ), ( 4, 'test3@gmail.com', 'userName', 'userLastName', '$2a$10$jPUTDV6/9AkC7NRPPzmvXuLJlfnKoAYo.uJuZc0aeJHGum.LpxO0a', 'USER' ); nested exception is org.h2.jdbc.JdbcSQLSyntaxErrorException: Table "REGISTERED_USER" non trouvée
Table "REGISTERED_USER" not found; SQL statement:
INSERT INTO registered_user ( id , email, first_name, last_name, password, roles) VALUES ( 1, 'fabien@gmail.com', 'Fabien', 'Chapeau', '$2a$10$jPUTDV6/9AkC7NRPPzmvXuLJlfnKoAYo.uJuZc0aeJHGum.LpxO0a', 'USER' ), ( 2, 'test1@gmail.com', 'userName', 'userLastName', '$2a$10$jPUTDV6/9AkC7NRPPzmvXuLJlfnKoAYo.uJuZc0aeJHGum.LpxO0a', 'USER' ), ( 3, 'test2@gmail.com', 'userName', 'userLastName', '$2a$10$jPUTDV6/9AkC7NRPPzmvXuLJlfnKoAYo.uJuZc0aeJHGum.LpxO0a', 'USER' ), ( 4, 'test3@gmail.com', 'userName', 'userLastName', '$2a$10$jPUTDV6/9AkC7NRPPzmvXuLJlfnKoAYo.uJuZc0aeJHGum.LpxO0a', 'USER' ) [42102-200]
	at org.springframework.beans.factory.support.AbstractAutowireCapableBeanFactory.doCreateBean(AbstractAutowireCapableBeanFactory.java:603)
	at org.springframework.beans.factory.support.AbstractAutowireCapableBeanFactory.createBean(AbstractAutowireCapableBeanFactory.java:517)
	at org.springframework.beans.factory.support.AbstractBeanFactory.lambda$doGetBean$0(AbstractBeanFactory.java:323)
	at org.springframework.beans.factory.support.DefaultSingletonBeanRegistry.getSingleton(DefaultSingletonBeanRegistry.java:222)
	at org.springframework.beans.factory.support.AbstractBeanFactory.doGetBean(AbstractBeanFactory.java:321)
	at org.springframework.beans.factory.support.AbstractBeanFactory.getBean(AbstractBeanFactory.java:202)
	at org.springframework.context.support.AbstractApplicationContext.getBean(AbstractApplicationContext.java:1108)
	at org.springframework.context.support.AbstractApplicationContext.finishBeanFactoryInitialization(AbstractApplicationContext.java:868)
	at org.springframework.context.support.AbstractApplicationContext.refresh(AbstractApplicationContext.java:550)
	at org.springframework.boot.web.servlet.context.ServletWebServerApplicationContext.refresh(ServletWebServerApplicationContext.java:141)
	at org.springframework.boot.SpringApplication.refresh(SpringApplication.java:747)
	at org.springframework.boot.SpringApplication.refreshContext(SpringApplication.java:397)
	at org.springframework.boot.SpringApplication.run(SpringApplication.java:315)
	at org.springframework.boot.SpringApplication.run(SpringApplication.java:1226)
	at org.springframework.boot.SpringApplication.run(SpringApplication.java:1215)
	at com.fabienit.biblioweb.BibliowebApplication.main(BibliowebApplication.java:16)
Caused by: org.springframework.jdbc.datasource.init.ScriptStatementFailedException: Failed to execute SQL script statement #1 of URL [file:/C:/Users/FaB/Git/Projet%2010/bibliothequep10/backendApiBiblio/target/classes/data.sql]: INSERT INTO registered_user ( id , email, first_name, last_name, password, roles) VALUES ( 1, 'fabien@gmail.com', 'Fabien', 'Chapeau', '$2a$10$jPUTDV6/9AkC7NRPPzmvXuLJlfnKoAYo.uJuZc0aeJHGum.LpxO0a', 'USER' ), ( 2, 'test1@gmail.com', 'userName', 'userLastName', '$2a$10$jPUTDV6/9AkC7NRPPzmvXuLJlfnKoAYo.uJuZc0aeJHGum.LpxO0a', 'USER' ), ( 3, 'test2@gmail.com', 'userName', 'userLastName', '$2a$10$jPUTDV6/9AkC7NRPPzmvXuLJlfnKoAYo.uJuZc0aeJHGum.LpxO0a', 'USER' ), ( 4, 'test3@gmail.com', 'userName', 'userLastName', '$2a$10$jPUTDV6/9AkC7NRPPzmvXuLJlfnKoAYo.uJuZc0aeJHGum.LpxO0a', 'USER' ); nested exception is org.h2.jdbc.JdbcSQLSyntaxErrorException: Table "REGISTERED_USER" non trouvée
Table "REGISTERED_USER" not found; SQL statement:
INSERT INTO registered_user ( id , email, first_name, last_name, password, roles) VALUES ( 1, 'fabien@gmail.com', 'Fabien', 'Chapeau', '$2a$10$jPUTDV6/9AkC7NRPPzmvXuLJlfnKoAYo.uJuZc0aeJHGum.LpxO0a', 'USER' ), ( 2, 'test1@gmail.com', 'userName', 'userLastName', '$2a$10$jPUTDV6/9AkC7NRPPzmvXuLJlfnKoAYo.uJuZc0aeJHGum.LpxO0a', 'USER' ), ( 3, 'test2@gmail.com', 'userName', 'userLastName', '$2a$10$jPUTDV6/9AkC7NRPPzmvXuLJlfnKoAYo.uJuZc0aeJHGum.LpxO0a', 'USER' ), ( 4, 'test3@gmail.com', 'userName', 'userLastName', '$2a$10$jPUTDV6/9AkC7NRPPzmvXuLJlfnKoAYo.uJuZc0aeJHGum.LpxO0a', 'USER' ) [42102-200]
	at org.springframework.jdbc.datasource.init.ScriptUtils.executeSqlScript(ScriptUtils.java:626)
	at org.springframework.jdbc.datasource.init.ResourceDatabasePopulator.populate(ResourceDatabasePopulator.java:254)
	at org.springframework.jdbc.datasource.init.DatabasePopulatorUtils.execute(DatabasePopulatorUtils.java:49)
	at org.springframework.boot.autoconfigure.jdbc.DataSourceInitializer.runScripts(DataSourceInitializer.java:202)
	at org.springframework.boot.autoconfigure.jdbc.DataSourceInitializer.initSchema(DataSourceInitializer.java:119)
	at org.springframework.boot.autoconfigure.jdbc.DataSourceInitializerInvoker.onApplicationEvent(DataSourceInitializerInvoker.java:91)
	at org.springframework.boot.autoconfigure.jdbc.DataSourceInitializerInvoker.onApplicationEvent(DataSourceInitializerInvoker.java:38)
	at org.springframework.context.event.SimpleApplicationEventMulticaster.doInvokeListener(SimpleApplicationEventMulticaster.java:172)
	at org.springframework.context.event.SimpleApplicationEventMulticaster.invokeListener(SimpleApplicationEventMulticaster.java:165)
	at org.springframework.context.event.SimpleApplicationEventMulticaster.multicastEvent(SimpleApplicationEventMulticaster.java:139)
	at org.springframework.context.support.AbstractApplicationContext.publishEvent(AbstractApplicationContext.java:403)
	at org.springframework.context.support.AbstractApplicationContext.publishEvent(AbstractApplicationContext.java:360)
	at org.springframework.boot.autoconfigure.orm.jpa.DataSourceInitializedPublisher.publishEventIfRequired(DataSourceInitializedPublisher.java:99)
	at org.springframework.boot.autoconfigure.orm.jpa.DataSourceInitializedPublisher.postProcessAfterInitialization(DataSourceInitializedPublisher.java:90)
	at org.springframework.beans.factory.support.AbstractAutowireCapableBeanFactory.applyBeanPostProcessorsAfterInitialization(AbstractAutowireCapableBeanFactory.java:431)
	at org.springframework.beans.factory.support.AbstractAutowireCapableBeanFactory.initializeBean(AbstractAutowireCapableBeanFactory.java:1800)
	at org.springframework.beans.factory.support.AbstractAutowireCapableBeanFactory.doCreateBean(AbstractAutowireCapableBeanFactory.java:595)
	... 15 common frames omitted
Caused by: org.h2.jdbc.JdbcSQLSyntaxErrorException: Table "REGISTERED_USER" non trouvée
Table "REGISTERED_USER" not found; SQL statement:
INSERT INTO registered_user ( id , email, first_name, last_name, password, roles) VALUES ( 1, 'fabien@gmail.com', 'Fabien', 'Chapeau', '$2a$10$jPUTDV6/9AkC7NRPPzmvXuLJlfnKoAYo.uJuZc0aeJHGum.LpxO0a', 'USER' ), ( 2, 'test1@gmail.com', 'userName', 'userLastName', '$2a$10$jPUTDV6/9AkC7NRPPzmvXuLJlfnKoAYo.uJuZc0aeJHGum.LpxO0a', 'USER' ), ( 3, 'test2@gmail.com', 'userName', 'userLastName', '$2a$10$jPUTDV6/9AkC7NRPPzmvXuLJlfnKoAYo.uJuZc0aeJHGum.LpxO0a', 'USER' ), ( 4, 'test3@gmail.com', 'userName', 'userLastName', '$2a$10$jPUTDV6/9AkC7NRPPzmvXuLJlfnKoAYo.uJuZc0aeJHGum.LpxO0a', 'USER' ) [42102-200]
	at org.h2.message.DbException.getJdbcSQLException(DbException.java:453)
	at org.h2.message.DbException.getJdbcSQLException(DbException.java:429)
	at org.h2.message.DbException.get(DbException.java:205)
	at org.h2.message.DbException.get(DbException.java:181)
	at org.h2.command.Parser.readTableOrView(Parser.java:7628)
	at org.h2.command.Parser.readTableOrView(Parser.java:7599)
	at org.h2.command.Parser.parseInsert(Parser.java:1747)
	at org.h2.command.Parser.parsePrepared(Parser.java:954)
	at org.h2.command.Parser.parse(Parser.java:843)
	at org.h2.command.Parser.parse(Parser.java:815)
	at org.h2.command.Parser.prepareCommand(Parser.java:738)
	at org.h2.engine.Session.prepareLocal(Session.java:657)
	at org.h2.engine.Session.prepareCommand(Session.java:595)
	at org.h2.jdbc.JdbcConnection.prepareCommand(JdbcConnection.java:1235)
	at org.h2.jdbc.JdbcStatement.executeInternal(JdbcStatement.java:212)
	at org.h2.jdbc.JdbcStatement.execute(JdbcStatement.java:201)
	at com.zaxxer.hikari.pool.ProxyStatement.execute(ProxyStatement.java:95)
	at com.zaxxer.hikari.pool.HikariProxyStatement.execute(HikariProxyStatement.java)
	at org.springframework.jdbc.datasource.init.ScriptUtils.executeSqlScript(ScriptUtils.java:605)
	... 31 common frames omitted
