2021-03-18 10:18:23,904 INFO com.fabienIT.friendsEscalade.EscaladeApplication [restartedMain] Starting EscaladeApplication on FABPC with PID 3604 (C:\Users\FaB\Git\friendsEscalade\target\classes started by FaB PC in C:\Users\FaB\Git\friendsEscalade)
2021-03-18 10:18:23,909 DEBUG com.fabienIT.friendsEscalade.EscaladeApplication [restartedMain] Running with Spring Boot v2.1.0.RELEASE, Spring v5.1.2.RELEASE
2021-03-18 10:18:23,911 INFO com.fabienIT.friendsEscalade.EscaladeApplication [restartedMain] The following profiles are active: prod
2021-03-18 10:18:24,269 ERROR org.springframework.boot.SpringApplication [restartedMain] Application run failed
org.springframework.core.annotation.AnnotationConfigurationException: Attribute 'proxyBeanMethods' in annotation [org.springframework.boot.autoconfigure.SpringBootApplication] is declared as an @AliasFor nonexistent attribute 'proxyBeanMethods' in annotation [org.springframework.context.annotation.Configuration].; nested exception is java.lang.NoSuchMethodException: org.springframework.context.annotation.Configuration.proxyBeanMethods()
	at org.springframework.core.annotation.AnnotationUtils$AliasDescriptor.<init>(AnnotationUtils.java:2180)
	at org.springframework.core.annotation.AnnotationUtils$AliasDescriptor.from(AnnotationUtils.java:2148)
	at org.springframework.core.annotation.AnnotationUtils$AliasDescriptor.getOtherDescriptors(AnnotationUtils.java:2312)
	at org.springframework.core.annotation.AnnotationUtils$AliasDescriptor.getAttributeAliasNames(AnnotationUtils.java:2299)
	at org.springframework.core.annotation.AnnotationUtils.getAttributeAliasNames(AnnotationUtils.java:1813)
	at org.springframework.core.annotation.AnnotationUtils.getAttributeAliasMap(AnnotationUtils.java:1722)
	at org.springframework.core.annotation.AnnotationUtils.postProcessAnnotationAttributes(AnnotationUtils.java:1335)
	at org.springframework.core.annotation.AnnotatedElementUtils.getMergedAnnotationAttributes(AnnotatedElementUtils.java:365)
	at org.springframework.core.type.StandardAnnotationMetadata.getAnnotationAttributes(StandardAnnotationMetadata.java:121)
	at org.springframework.context.annotation.AnnotationConfigUtils.attributesFor(AnnotationConfigUtils.java:285)
	at org.springframework.context.annotation.AnnotationBeanNameGenerator.determineBeanNameFromAnnotation(AnnotationBeanNameGenerator.java:93)
	at org.springframework.context.annotation.AnnotationBeanNameGenerator.generateBeanName(AnnotationBeanNameGenerator.java:72)
	at org.springframework.context.annotation.AnnotatedBeanDefinitionReader.doRegisterBean(AnnotatedBeanDefinitionReader.java:224)
	at org.springframework.context.annotation.AnnotatedBeanDefinitionReader.registerBean(AnnotatedBeanDefinitionReader.java:145)
	at org.springframework.context.annotation.AnnotatedBeanDefinitionReader.register(AnnotatedBeanDefinitionReader.java:135)
	at org.springframework.boot.BeanDefinitionLoader.load(BeanDefinitionLoader.java:158)
	at org.springframework.boot.BeanDefinitionLoader.load(BeanDefinitionLoader.java:135)
	at org.springframework.boot.BeanDefinitionLoader.load(BeanDefinitionLoader.java:127)
	at org.springframework.boot.SpringApplication.load(SpringApplication.java:717)
	at org.springframework.boot.SpringApplication.prepareContext(SpringApplication.java:392)
	at org.springframework.boot.SpringApplication.run(SpringApplication.java:314)
	at org.springframework.boot.SpringApplication.run(SpringApplication.java:1260)
	at org.springframework.boot.SpringApplication.run(SpringApplication.java:1248)
	at com.fabienIT.friendsEscalade.EscaladeApplication.main(EscaladeApplication.java:15)
	at java.base/jdk.internal.reflect.NativeMethodAccessorImpl.invoke0(Native Method)
	at java.base/jdk.internal.reflect.NativeMethodAccessorImpl.invoke(NativeMethodAccessorImpl.java:62)
	at java.base/jdk.internal.reflect.DelegatingMethodAccessorImpl.invoke(DelegatingMethodAccessorImpl.java:43)
	at java.base/java.lang.reflect.Method.invoke(Method.java:566)
	at org.springframework.boot.devtools.restart.RestartLauncher.run(RestartLauncher.java:49)
Caused by: java.lang.NoSuchMethodException: org.springframework.context.annotation.Configuration.proxyBeanMethods()
	at java.base/java.lang.Class.getDeclaredMethod(Class.java:2476)
	at org.springframework.core.annotation.AnnotationUtils$AliasDescriptor.<init>(AnnotationUtils.java:2173)
	... 28 common frames omitted
