2022-09-25 21:25:25,066 INFO com.fabienit.biblioweb.BibliowebApplication [main] No active profile set, falling back to default profiles: default
2022-09-25 21:25:30,214 INFO com.fabienit.biblioweb.BibliowebApplication [main] Started BibliowebApplication in 7.187 seconds (JVM running for 10.055)
2022-09-25 21:25:38,948 INFO com.fabienit.biblioweb.web.controllers.WebappController [http-nio-8002-exec-1] Reach url: / - GET
2022-09-25 21:25:42,452 INFO com.fabienit.biblioweb.web.controllers.WebappController [http-nio-8002-exec-7] Reach url: /connexion - GET
2022-09-25 21:25:44,530 INFO com.fabienit.biblioweb.web.controllers.WebappController [http-nio-8002-exec-10] Reach url: / - GET
2022-09-25 21:25:46,051 INFO com.fabienit.biblioweb.web.controllers.WebappController [http-nio-8002-exec-5] Reach url: /profile - GET
2022-09-25 21:25:46,056 DEBUG com.fabienit.biblioweb.service.impl.WebappServiceImpl [http-nio-8002-exec-5] Getting active borrows for current authenticated user
2022-09-25 21:25:46,057 DEBUG com.fabienit.biblioweb.service.impl.WebappServiceImpl [http-nio-8002-exec-5] Getting authenticated current user id
2022-09-25 21:25:46,326 DEBUG com.fabienit.biblioweb.service.impl.WebappServiceImpl [http-nio-8002-exec-5] Getting reservations for current authenticated user
2022-09-25 21:25:46,326 DEBUG com.fabienit.biblioweb.service.impl.WebappServiceImpl [http-nio-8002-exec-5] Getting authenticated current user id
2022-09-25 21:25:52,608 INFO com.fabienit.biblioweb.web.controllers.WebappController [http-nio-8002-exec-8] Reach url: /disconnect - GET
2022-09-25 21:25:52,622 INFO com.fabienit.biblioweb.web.controllers.WebappController [http-nio-8002-exec-9] Reach url: /connexion - GET
2022-09-25 21:25:59,350 INFO com.fabienit.biblioweb.web.controllers.WebappController [http-nio-8002-exec-1] Reach url: / - GET
2022-09-25 21:26:01,476 INFO com.fabienit.biblioweb.web.controllers.WebappController [http-nio-8002-exec-7] Reach url: /profile - GET
2022-09-25 21:26:01,476 DEBUG com.fabienit.biblioweb.service.impl.WebappServiceImpl [http-nio-8002-exec-7] Getting active borrows for current authenticated user
2022-09-25 21:26:01,477 DEBUG com.fabienit.biblioweb.service.impl.WebappServiceImpl [http-nio-8002-exec-7] Getting authenticated current user id
2022-09-25 21:26:01,592 DEBUG com.fabienit.biblioweb.service.impl.WebappServiceImpl [http-nio-8002-exec-7] Getting reservations for current authenticated user
2022-09-25 21:26:01,593 DEBUG com.fabienit.biblioweb.service.impl.WebappServiceImpl [http-nio-8002-exec-7] Getting authenticated current user id
2022-09-25 21:42:46,586 INFO com.fabienit.biblioweb.web.controllers.WebappController [http-nio-8002-exec-5] Reach url: /disconnect - GET
2022-09-25 21:42:46,601 INFO com.fabienit.biblioweb.web.controllers.WebappController [http-nio-8002-exec-7] Reach url: /connexion - GET
2022-09-25 21:42:49,913 INFO com.fabienit.biblioweb.web.controllers.WebappController [http-nio-8002-exec-10] Reach url: / - GET
2022-09-25 21:42:51,929 INFO com.fabienit.biblioweb.web.controllers.WebappController [http-nio-8002-exec-6] Reach url: /profile - GET
2022-09-25 21:42:51,930 DEBUG com.fabienit.biblioweb.service.impl.WebappServiceImpl [http-nio-8002-exec-6] Getting active borrows for current authenticated user
2022-09-25 21:42:51,931 DEBUG com.fabienit.biblioweb.service.impl.WebappServiceImpl [http-nio-8002-exec-6] Getting authenticated current user id
2022-09-25 21:42:52,035 DEBUG com.fabienit.biblioweb.service.impl.WebappServiceImpl [http-nio-8002-exec-6] Getting reservations for current authenticated user
2022-09-25 21:42:52,036 DEBUG com.fabienit.biblioweb.service.impl.WebappServiceImpl [http-nio-8002-exec-6] Getting authenticated current user id
2022-09-25 22:09:09,695 INFO com.fabienit.biblioweb.web.controllers.WebappController [http-nio-8002-exec-2] Reach url: /disconnect - GET
2022-09-25 22:09:09,708 INFO com.fabienit.biblioweb.web.controllers.WebappController [http-nio-8002-exec-1] Reach url: /connexion - GET
2022-09-25 22:09:11,525 INFO com.fabienit.biblioweb.web.controllers.WebappController [http-nio-8002-exec-7] Reach url: / - GET
2022-09-25 22:09:12,797 INFO com.fabienit.biblioweb.web.controllers.WebappController [http-nio-8002-exec-3] Reach url: /profile - GET
2022-09-25 22:09:12,798 DEBUG com.fabienit.biblioweb.service.impl.WebappServiceImpl [http-nio-8002-exec-3] Getting active borrows for current authenticated user
2022-09-25 22:09:12,798 DEBUG com.fabienit.biblioweb.service.impl.WebappServiceImpl [http-nio-8002-exec-3] Getting authenticated current user id
2022-09-25 22:09:12,991 DEBUG com.fabienit.biblioweb.service.impl.WebappServiceImpl [http-nio-8002-exec-3] Getting reservations for current authenticated user
2022-09-25 22:09:12,992 DEBUG com.fabienit.biblioweb.service.impl.WebappServiceImpl [http-nio-8002-exec-3] Getting authenticated current user id
2022-09-25 22:09:18,995 INFO com.fabienit.biblioweb.web.controllers.WebappController [http-nio-8002-exec-1] Reach url: / - GET
2022-09-25 22:09:19,283 DEBUG com.fabienit.biblioweb.service.impl.WebappServiceImpl [http-nio-8002-exec-1] Getting authenticated current user id
2022-09-25 22:09:19,384 DEBUG com.fabienit.biblioweb.service.impl.WebappServiceImpl [http-nio-8002-exec-1] Getting active borrows for current authenticated user
2022-09-25 22:09:19,384 DEBUG com.fabienit.biblioweb.service.impl.WebappServiceImpl [http-nio-8002-exec-1] Getting authenticated current user id
2022-09-25 22:09:41,789 INFO com.fabienit.biblioweb.web.controllers.WebappController [http-nio-8002-exec-9] Reach url: /profile - GET
2022-09-25 22:09:41,790 DEBUG com.fabienit.biblioweb.service.impl.WebappServiceImpl [http-nio-8002-exec-9] Getting active borrows for current authenticated user
2022-09-25 22:09:41,790 DEBUG com.fabienit.biblioweb.service.impl.WebappServiceImpl [http-nio-8002-exec-9] Getting authenticated current user id
2022-09-25 22:09:41,897 DEBUG com.fabienit.biblioweb.service.impl.WebappServiceImpl [http-nio-8002-exec-9] Getting reservations for current authenticated user
2022-09-25 22:09:41,897 DEBUG com.fabienit.biblioweb.service.impl.WebappServiceImpl [http-nio-8002-exec-9] Getting authenticated current user id
2022-09-25 22:09:43,867 INFO com.fabienit.biblioweb.web.controllers.WebappController [http-nio-8002-exec-1] Reach url: /profile - GET
2022-09-25 22:09:43,867 DEBUG com.fabienit.biblioweb.service.impl.WebappServiceImpl [http-nio-8002-exec-1] Getting active borrows for current authenticated user
2022-09-25 22:09:43,867 DEBUG com.fabienit.biblioweb.service.impl.WebappServiceImpl [http-nio-8002-exec-1] Getting authenticated current user id
2022-09-25 22:09:43,978 DEBUG com.fabienit.biblioweb.service.impl.WebappServiceImpl [http-nio-8002-exec-1] Getting reservations for current authenticated user
2022-09-25 22:09:43,978 DEBUG com.fabienit.biblioweb.service.impl.WebappServiceImpl [http-nio-8002-exec-1] Getting authenticated current user id
2022-09-25 22:09:45,746 INFO com.fabienit.biblioweb.web.controllers.WebappController [http-nio-8002-exec-5] Reach url: /profile - GET
2022-09-25 22:09:45,747 DEBUG com.fabienit.biblioweb.service.impl.WebappServiceImpl [http-nio-8002-exec-5] Getting active borrows for current authenticated user
2022-09-25 22:09:45,747 DEBUG com.fabienit.biblioweb.service.impl.WebappServiceImpl [http-nio-8002-exec-5] Getting authenticated current user id
2022-09-25 22:09:45,851 DEBUG com.fabienit.biblioweb.service.impl.WebappServiceImpl [http-nio-8002-exec-5] Getting reservations for current authenticated user
2022-09-25 22:09:45,851 DEBUG com.fabienit.biblioweb.service.impl.WebappServiceImpl [http-nio-8002-exec-5] Getting authenticated current user id
2022-09-25 22:09:48,897 INFO com.fabienit.biblioweb.web.controllers.WebappController [http-nio-8002-exec-4] Reach url: / - GET
2022-09-25 22:09:49,102 DEBUG com.fabienit.biblioweb.service.impl.WebappServiceImpl [http-nio-8002-exec-4] Getting authenticated current user id
2022-09-25 22:09:49,195 DEBUG com.fabienit.biblioweb.service.impl.WebappServiceImpl [http-nio-8002-exec-4] Getting active borrows for current authenticated user
2022-09-25 22:09:49,195 DEBUG com.fabienit.biblioweb.service.impl.WebappServiceImpl [http-nio-8002-exec-4] Getting authenticated current user id
2022-09-25 22:10:17,270 INFO com.fabienit.biblioweb.web.controllers.WebappController [http-nio-8002-exec-10] Reach url: /reserve - POST
2022-09-25 22:10:17,271 DEBUG com.fabienit.biblioweb.service.impl.WebappServiceImpl [http-nio-8002-exec-10] Getting authenticated current user id
2022-09-25 22:10:17,426 INFO com.fabienit.biblioweb.web.controllers.WebappController [http-nio-8002-exec-5] Reach url: /profile - GET
2022-09-25 22:10:17,426 DEBUG com.fabienit.biblioweb.service.impl.WebappServiceImpl [http-nio-8002-exec-5] Getting active borrows for current authenticated user
2022-09-25 22:10:17,426 DEBUG com.fabienit.biblioweb.service.impl.WebappServiceImpl [http-nio-8002-exec-5] Getting authenticated current user id
2022-09-25 22:10:17,532 DEBUG com.fabienit.biblioweb.service.impl.WebappServiceImpl [http-nio-8002-exec-5] Getting reservations for current authenticated user
2022-09-25 22:10:17,533 DEBUG com.fabienit.biblioweb.service.impl.WebappServiceImpl [http-nio-8002-exec-5] Getting authenticated current user id
2022-09-25 22:11:41,485 INFO com.fabienit.biblioweb.web.controllers.WebappController [http-nio-8002-exec-10] Reach url: /disconnect - GET
2022-09-25 22:11:41,500 INFO com.fabienit.biblioweb.web.controllers.WebappController [http-nio-8002-exec-5] Reach url: /connexion - GET
2022-09-25 22:11:45,193 INFO com.fabienit.biblioweb.web.controllers.WebappController [http-nio-8002-exec-4] Reach url: / - GET
2022-09-25 22:11:46,963 INFO com.fabienit.biblioweb.web.controllers.WebappController [http-nio-8002-exec-9] Reach url: /profile - GET
2022-09-25 22:11:46,964 DEBUG com.fabienit.biblioweb.service.impl.WebappServiceImpl [http-nio-8002-exec-9] Getting active borrows for current authenticated user
2022-09-25 22:11:46,964 DEBUG com.fabienit.biblioweb.service.impl.WebappServiceImpl [http-nio-8002-exec-9] Getting authenticated current user id
2022-09-25 22:11:47,064 DEBUG com.fabienit.biblioweb.service.impl.WebappServiceImpl [http-nio-8002-exec-9] Getting reservations for current authenticated user
2022-09-25 22:11:47,065 DEBUG com.fabienit.biblioweb.service.impl.WebappServiceImpl [http-nio-8002-exec-9] Getting authenticated current user id
2022-09-25 22:11:53,917 INFO com.fabienit.biblioweb.web.controllers.WebappController [http-nio-8002-exec-5] Reach url: /profile - GET
2022-09-25 22:11:53,918 DEBUG com.fabienit.biblioweb.service.impl.WebappServiceImpl [http-nio-8002-exec-5] Getting active borrows for current authenticated user
2022-09-25 22:11:53,918 DEBUG com.fabienit.biblioweb.service.impl.WebappServiceImpl [http-nio-8002-exec-5] Getting authenticated current user id
2022-09-25 22:11:54,023 DEBUG com.fabienit.biblioweb.service.impl.WebappServiceImpl [http-nio-8002-exec-5] Getting reservations for current authenticated user
2022-09-25 22:11:54,023 DEBUG com.fabienit.biblioweb.service.impl.WebappServiceImpl [http-nio-8002-exec-5] Getting authenticated current user id
2022-09-25 22:11:55,820 INFO com.fabienit.biblioweb.web.controllers.WebappController [http-nio-8002-exec-6] Reach url: / - GET
2022-09-25 22:11:56,017 DEBUG com.fabienit.biblioweb.service.impl.WebappServiceImpl [http-nio-8002-exec-6] Getting authenticated current user id
2022-09-25 22:11:56,122 DEBUG com.fabienit.biblioweb.service.impl.WebappServiceImpl [http-nio-8002-exec-6] Getting active borrows for current authenticated user
2022-09-25 22:11:56,123 DEBUG com.fabienit.biblioweb.service.impl.WebappServiceImpl [http-nio-8002-exec-6] Getting authenticated current user id
